{"/Users/alfnielsen/Dropbox/Coding/gameclasses/src/geometric/Circle2D.ts": {"path":"/Users/alfnielsen/Dropbox/Coding/gameclasses/src/geometric/Circle2D.ts","statementMap":{"0":{"start":{"line":12,"column":4},"end":{"line":12,"column":null}},"1":{"start":{"line":13,"column":4},"end":{"line":13,"column":null}},"2":{"start":{"line":8,"column":4},"end":{"line":8,"column":null}},"3":{"start":{"line":17,"column":4},"end":{"line":17,"column":null}},"4":{"start":{"line":21,"column":4},"end":{"line":21,"column":null}}},"fnMap":{"0":{"name":"(anonymous_0)","decl":{"start":{"line":11,"column":2},"end":{"line":11,"column":14}},"loc":{"start":{"line":11,"column":45},"end":{"line":14,"column":3}}},"1":{"name":"(anonymous_1)","decl":{"start":{"line":7,"column":2},"end":{"line":7,"column":8}},"loc":{"start":{"line":7,"column":43},"end":{"line":9,"column":3}}},"2":{"name":"(anonymous_2)","decl":{"start":{"line":16,"column":2},"end":{"line":16,"column":15}},"loc":{"start":{"line":16,"column":15},"end":{"line":18,"column":3}}},"3":{"name":"(anonymous_3)","decl":{"start":{"line":20,"column":2},"end":{"line":20,"column":10}},"loc":{"start":{"line":20,"column":10},"end":{"line":22,"column":3}}}},"branchMap":{},"s":{"0":5,"1":5,"2":1,"3":1,"4":1},"f":{"0":5,"1":1,"2":1,"3":1},"b":{}}
,"/Users/alfnielsen/Dropbox/Coding/gameclasses/src/geometric/Intersects.ts": {"path":"/Users/alfnielsen/Dropbox/Coding/gameclasses/src/geometric/Intersects.ts","statementMap":{"0":{"start":{"line":10,"column":4},"end":{"line":15,"column":null}},"1":{"start":{"line":19,"column":4},"end":{"line":41,"column":null}},"2":{"start":{"line":19,"column":17},"end":{"line":19,"column":18}},"3":{"start":{"line":20,"column":15},"end":{"line":20,"column":59}},"4":{"start":{"line":22,"column":6},"end":{"line":26,"column":null}},"5":{"start":{"line":23,"column":8},"end":{"line":23,"column":null}},"6":{"start":{"line":25,"column":8},"end":{"line":25,"column":null}},"7":{"start":{"line":27,"column":6},"end":{"line":40,"column":null}},"8":{"start":{"line":27,"column":19},"end":{"line":27,"column":20}},"9":{"start":{"line":28,"column":17},"end":{"line":28,"column":61}},"10":{"start":{"line":31,"column":8},"end":{"line":35,"column":null}},"11":{"start":{"line":32,"column":10},"end":{"line":32,"column":null}},"12":{"start":{"line":34,"column":10},"end":{"line":34,"column":null}},"13":{"start":{"line":36,"column":22},"end":{"line":36,"column":54}},"14":{"start":{"line":37,"column":8},"end":{"line":39,"column":null}},"15":{"start":{"line":38,"column":10},"end":{"line":38,"column":null}},"16":{"start":{"line":42,"column":4},"end":{"line":42,"column":null}},"17":{"start":{"line":51,"column":14},"end":{"line":51,"column":75}},"18":{"start":{"line":52,"column":4},"end":{"line":60,"column":null}},"19":{"start":{"line":53,"column":6},"end":{"line":53,"column":null}},"20":{"start":{"line":56,"column":8},"end":{"line":56,"column":77}},"21":{"start":{"line":58,"column":8},"end":{"line":58,"column":77}},"22":{"start":{"line":59,"column":6},"end":{"line":59,"column":null}}},"fnMap":{"0":{"name":"(anonymous_0)","decl":{"start":{"line":4,"column":2},"end":{"line":4,"column":8}},"loc":{"start":{"line":8,"column":21},"end":{"line":16,"column":3}}},"1":{"name":"(anonymous_1)","decl":{"start":{"line":18,"column":2},"end":{"line":18,"column":8}},"loc":{"start":{"line":18,"column":54},"end":{"line":43,"column":3}}},"2":{"name":"(anonymous_2)","decl":{"start":{"line":45,"column":2},"end":{"line":45,"column":8}},"loc":{"start":{"line":49,"column":16},"end":{"line":61,"column":3}}}},"branchMap":{"0":{"loc":{"start":{"line":11,"column":6},"end":{"line":11,"column":39}},"type":"binary-expr","locations":[{"start":{"line":11,"column":6},"end":{"line":11,"column":39}},{"start":{"line":12,"column":6},"end":{"line":12,"column":39}},{"start":{"line":13,"column":6},"end":{"line":13,"column":39}},{"start":{"line":14,"column":6},"end":{"line":14,"column":39}}]},"1":{"loc":{"start":{"line":22,"column":6},"end":{"line":26,"column":null}},"type":"if","locations":[{"start":{"line":22,"column":6},"end":{"line":26,"column":null}},{"start":{"line":22,"column":6},"end":{"line":26,"column":null}}]},"2":{"loc":{"start":{"line":31,"column":8},"end":{"line":35,"column":null}},"type":"if","locations":[{"start":{"line":31,"column":8},"end":{"line":35,"column":null}},{"start":{"line":31,"column":8},"end":{"line":35,"column":null}}]},"3":{"loc":{"start":{"line":37,"column":8},"end":{"line":39,"column":null}},"type":"if","locations":[{"start":{"line":37,"column":8},"end":{"line":39,"column":null}},{"start":{"line":37,"column":8},"end":{"line":39,"column":null}}]},"4":{"loc":{"start":{"line":52,"column":4},"end":{"line":60,"column":null}},"type":"if","locations":[{"start":{"line":52,"column":4},"end":{"line":60,"column":null}},{"start":{"line":52,"column":4},"end":{"line":60,"column":null}}]},"5":{"loc":{"start":{"line":59,"column":13},"end":{"line":59,"column":23}},"type":"binary-expr","locations":[{"start":{"line":59,"column":13},"end":{"line":59,"column":23}},{"start":{"line":59,"column":27},"end":{"line":59,"column":37}},{"start":{"line":59,"column":41},"end":{"line":59,"column":50}},{"start":{"line":59,"column":54},"end":{"line":59,"column":63}}]}},"s":{"0":6,"1":6,"2":6,"3":20,"4":20,"5":17,"6":3,"7":20,"8":20,"9":65,"10":65,"11":48,"12":17,"13":65,"14":65,"15":4,"16":2,"17":71,"18":71,"19":2,"20":69,"21":69,"22":69},"f":{"0":6,"1":6,"2":71},"b":{"0":[6,5,4,4],"1":[17,3],"2":[48,17],"3":[4,61],"4":[2,69],"5":[69,38,21,15]}}
,"/Users/alfnielsen/Dropbox/Coding/gameclasses/src/geometric/Line2D.ts": {"path":"/Users/alfnielsen/Dropbox/Coding/gameclasses/src/geometric/Line2D.ts","statementMap":{"0":{"start":{"line":21,"column":4},"end":{"line":21,"column":null}},"1":{"start":{"line":22,"column":4},"end":{"line":22,"column":null}},"2":{"start":{"line":8,"column":4},"end":{"line":8,"column":null}},"3":{"start":{"line":16,"column":13},"end":{"line":16,"column":46}},"4":{"start":{"line":17,"column":4},"end":{"line":17,"column":null}},"5":{"start":{"line":26,"column":4},"end":{"line":26,"column":null}},"6":{"start":{"line":30,"column":4},"end":{"line":30,"column":null}},"7":{"start":{"line":34,"column":4},"end":{"line":34,"column":null}},"8":{"start":{"line":38,"column":14},"end":{"line":38,"column":20}},"9":{"start":{"line":39,"column":4},"end":{"line":39,"column":null}},"10":{"start":{"line":40,"column":4},"end":{"line":40,"column":null}},"11":{"start":{"line":41,"column":14},"end":{"line":41,"column":20}},"12":{"start":{"line":42,"column":4},"end":{"line":42,"column":null}},"13":{"start":{"line":43,"column":4},"end":{"line":43,"column":null}},"14":{"start":{"line":44,"column":4},"end":{"line":44,"column":null}},"15":{"start":{"line":48,"column":4},"end":{"line":48,"column":null}},"16":{"start":{"line":52,"column":4},"end":{"line":52,"column":null}},"17":{"start":{"line":56,"column":19},"end":{"line":56,"column":61}},"18":{"start":{"line":57,"column":4},"end":{"line":57,"column":null}},"19":{"start":{"line":58,"column":4},"end":{"line":58,"column":null}},"20":{"start":{"line":62,"column":19},"end":{"line":62,"column":69}},"21":{"start":{"line":63,"column":4},"end":{"line":63,"column":null}},"22":{"start":{"line":64,"column":4},"end":{"line":64,"column":null}},"23":{"start":{"line":68,"column":21},"end":{"line":68,"column":58}},"24":{"start":{"line":69,"column":4},"end":{"line":69,"column":null}},"25":{"start":{"line":70,"column":4},"end":{"line":70,"column":null}},"26":{"start":{"line":74,"column":21},"end":{"line":74,"column":60}},"27":{"start":{"line":75,"column":4},"end":{"line":75,"column":null}},"28":{"start":{"line":76,"column":4},"end":{"line":76,"column":null}},"29":{"start":{"line":80,"column":21},"end":{"line":80,"column":68}},"30":{"start":{"line":81,"column":4},"end":{"line":81,"column":null}},"31":{"start":{"line":82,"column":4},"end":{"line":82,"column":null}},"32":{"start":{"line":86,"column":18},"end":{"line":86,"column":45}},"33":{"start":{"line":87,"column":4},"end":{"line":87,"column":null}},"34":{"start":{"line":88,"column":4},"end":{"line":88,"column":null}},"35":{"start":{"line":89,"column":4},"end":{"line":89,"column":null}},"36":{"start":{"line":93,"column":18},"end":{"line":93,"column":49}},"37":{"start":{"line":94,"column":4},"end":{"line":94,"column":null}},"38":{"start":{"line":95,"column":4},"end":{"line":95,"column":null}},"39":{"start":{"line":96,"column":4},"end":{"line":96,"column":null}},"40":{"start":{"line":100,"column":4},"end":{"line":100,"column":null}},"41":{"start":{"line":101,"column":4},"end":{"line":101,"column":null}},"42":{"start":{"line":102,"column":4},"end":{"line":102,"column":null}},"43":{"start":{"line":106,"column":4},"end":{"line":106,"column":null}},"44":{"start":{"line":107,"column":4},"end":{"line":107,"column":null}},"45":{"start":{"line":108,"column":4},"end":{"line":108,"column":null}},"46":{"start":{"line":112,"column":4},"end":{"line":112,"column":null}}},"fnMap":{"0":{"name":"(anonymous_0)","decl":{"start":{"line":20,"column":2},"end":{"line":20,"column":14}},"loc":{"start":{"line":20,"column":60},"end":{"line":23,"column":3}}},"1":{"name":"(anonymous_1)","decl":{"start":{"line":7,"column":2},"end":{"line":7,"column":8}},"loc":{"start":{"line":7,"column":46},"end":{"line":9,"column":3}}},"2":{"name":"(anonymous_2)","decl":{"start":{"line":11,"column":2},"end":{"line":11,"column":8}},"loc":{"start":{"line":14,"column":18},"end":{"line":18,"column":3}}},"3":{"name":"(anonymous_3)","decl":{"start":{"line":25,"column":2},"end":{"line":25,"column":13}},"loc":{"start":{"line":25,"column":13},"end":{"line":27,"column":3}}},"4":{"name":"(anonymous_4)","decl":{"start":{"line":29,"column":2},"end":{"line":29,"column":8}},"loc":{"start":{"line":29,"column":8},"end":{"line":31,"column":3}}},"5":{"name":"(anonymous_5)","decl":{"start":{"line":33,"column":2},"end":{"line":33,"column":7}},"loc":{"start":{"line":33,"column":7},"end":{"line":35,"column":3}}},"6":{"name":"(anonymous_6)","decl":{"start":{"line":37,"column":2},"end":{"line":37,"column":9}},"loc":{"start":{"line":37,"column":9},"end":{"line":45,"column":3}}},"7":{"name":"(anonymous_7)","decl":{"start":{"line":47,"column":2},"end":{"line":47,"column":13}},"loc":{"start":{"line":47,"column":13},"end":{"line":49,"column":3}}},"8":{"name":"(anonymous_8)","decl":{"start":{"line":51,"column":2},"end":{"line":51,"column":17}},"loc":{"start":{"line":51,"column":17},"end":{"line":53,"column":3}}},"9":{"name":"(anonymous_9)","decl":{"start":{"line":55,"column":2},"end":{"line":55,"column":14}},"loc":{"start":{"line":55,"column":28},"end":{"line":59,"column":3}}},"10":{"name":"(anonymous_10)","decl":{"start":{"line":61,"column":2},"end":{"line":61,"column":14}},"loc":{"start":{"line":61,"column":28},"end":{"line":65,"column":3}}},"11":{"name":"(anonymous_11)","decl":{"start":{"line":67,"column":2},"end":{"line":67,"column":17}},"loc":{"start":{"line":67,"column":27},"end":{"line":71,"column":3}}},"12":{"name":"(anonymous_12)","decl":{"start":{"line":73,"column":2},"end":{"line":73,"column":13}},"loc":{"start":{"line":73,"column":23},"end":{"line":77,"column":3}}},"13":{"name":"(anonymous_13)","decl":{"start":{"line":79,"column":2},"end":{"line":79,"column":17}},"loc":{"start":{"line":79,"column":27},"end":{"line":83,"column":3}}},"14":{"name":"(anonymous_14)","decl":{"start":{"line":85,"column":2},"end":{"line":85,"column":16}},"loc":{"start":{"line":85,"column":30},"end":{"line":90,"column":3}}},"15":{"name":"(anonymous_15)","decl":{"start":{"line":92,"column":2},"end":{"line":92,"column":16}},"loc":{"start":{"line":92,"column":30},"end":{"line":97,"column":3}}},"16":{"name":"(anonymous_16)","decl":{"start":{"line":99,"column":2},"end":{"line":99,"column":12}},"loc":{"start":{"line":99,"column":43},"end":{"line":103,"column":3}}},"17":{"name":"(anonymous_17)","decl":{"start":{"line":105,"column":2},"end":{"line":105,"column":12}},"loc":{"start":{"line":105,"column":50},"end":{"line":109,"column":3}}},"18":{"name":"(anonymous_18)","decl":{"start":{"line":111,"column":2},"end":{"line":111,"column":10}},"loc":{"start":{"line":111,"column":10},"end":{"line":113,"column":3}}}},"branchMap":{"0":{"loc":{"start":{"line":105,"column":46},"end":{"line":105,"column":50}},"type":"default-arg","locations":[{"start":{"line":105,"column":46},"end":{"line":105,"column":50}}]}},"s":{"0":32,"1":32,"2":2,"3":10,"4":10,"5":1,"6":8,"7":14,"8":1,"9":1,"10":1,"11":1,"12":1,"13":1,"14":1,"15":29,"16":7,"17":2,"18":2,"19":2,"20":2,"21":2,"22":2,"23":1,"24":1,"25":1,"26":1,"27":1,"28":1,"29":2,"30":2,"31":2,"32":2,"33":2,"34":2,"35":2,"36":2,"37":2,"38":2,"39":2,"40":2,"41":2,"42":2,"43":6,"44":6,"45":6,"46":1},"f":{"0":32,"1":2,"2":10,"3":1,"4":8,"5":14,"6":1,"7":29,"8":7,"9":2,"10":2,"11":1,"12":1,"13":2,"14":2,"15":2,"16":2,"17":6,"18":1},"b":{"0":[4]}}
,"/Users/alfnielsen/Dropbox/Coding/gameclasses/src/geometric/Point2D.ts": {"path":"/Users/alfnielsen/Dropbox/Coding/gameclasses/src/geometric/Point2D.ts","statementMap":{"0":{"start":{"line":5,"column":4},"end":{"line":5,"column":null}},"1":{"start":{"line":9,"column":4},"end":{"line":9,"column":null}},"2":{"start":{"line":13,"column":4},"end":{"line":13,"column":null}},"3":{"start":{"line":17,"column":4},"end":{"line":17,"column":null}},"4":{"start":{"line":21,"column":4},"end":{"line":21,"column":null}},"5":{"start":{"line":22,"column":4},"end":{"line":22,"column":null}},"6":{"start":{"line":23,"column":4},"end":{"line":23,"column":null}},"7":{"start":{"line":27,"column":4},"end":{"line":27,"column":null}},"8":{"start":{"line":28,"column":4},"end":{"line":28,"column":null}},"9":{"start":{"line":29,"column":4},"end":{"line":29,"column":null}},"10":{"start":{"line":33,"column":4},"end":{"line":33,"column":null}},"11":{"start":{"line":34,"column":4},"end":{"line":34,"column":null}},"12":{"start":{"line":35,"column":4},"end":{"line":35,"column":null}},"13":{"start":{"line":39,"column":4},"end":{"line":39,"column":null}},"14":{"start":{"line":40,"column":4},"end":{"line":40,"column":null}},"15":{"start":{"line":41,"column":4},"end":{"line":41,"column":null}}},"fnMap":{"0":{"name":"(anonymous_0)","decl":{"start":{"line":4,"column":2},"end":{"line":4,"column":8}},"loc":{"start":{"line":4,"column":33},"end":{"line":6,"column":3}}},"1":{"name":"(anonymous_1)","decl":{"start":{"line":8,"column":2},"end":{"line":8,"column":14}},"loc":{"start":{"line":8,"column":34},"end":{"line":10,"column":3}}},"2":{"name":"(anonymous_2)","decl":{"start":{"line":12,"column":2},"end":{"line":12,"column":10}},"loc":{"start":{"line":12,"column":10},"end":{"line":14,"column":3}}},"3":{"name":"(anonymous_3)","decl":{"start":{"line":16,"column":2},"end":{"line":16,"column":14}},"loc":{"start":{"line":16,"column":14},"end":{"line":18,"column":3}}},"4":{"name":"(anonymous_4)","decl":{"start":{"line":20,"column":2},"end":{"line":20,"column":10}},"loc":{"start":{"line":20,"column":31},"end":{"line":24,"column":3}}},"5":{"name":"(anonymous_5)","decl":{"start":{"line":26,"column":2},"end":{"line":26,"column":8}},"loc":{"start":{"line":26,"column":20},"end":{"line":30,"column":3}}},"6":{"name":"(anonymous_6)","decl":{"start":{"line":32,"column":2},"end":{"line":32,"column":10}},"loc":{"start":{"line":32,"column":31},"end":{"line":36,"column":3}}},"7":{"name":"(anonymous_7)","decl":{"start":{"line":38,"column":2},"end":{"line":38,"column":8}},"loc":{"start":{"line":38,"column":22},"end":{"line":42,"column":3}}}},"branchMap":{},"s":{"0":1,"1":103,"2":1,"3":3,"4":1,"5":1,"6":1,"7":22,"8":22,"9":22,"10":1,"11":1,"12":1,"13":16,"14":16,"15":16},"f":{"0":1,"1":103,"2":1,"3":3,"4":1,"5":22,"6":1,"7":16},"b":{}}
,"/Users/alfnielsen/Dropbox/Coding/gameclasses/src/geometric/Polygon2D.ts": {"path":"/Users/alfnielsen/Dropbox/Coding/gameclasses/src/geometric/Polygon2D.ts","statementMap":{"0":{"start":{"line":4,"column":21},"end":{"line":4,"column":39}},"1":{"start":{"line":7,"column":4},"end":{"line":7,"column":null}},"2":{"start":{"line":7,"column":52},"end":{"line":7,"column":57}},"3":{"start":{"line":11,"column":4},"end":{"line":11,"column":null}}},"fnMap":{"0":{"name":"(anonymous_0)","decl":{"start":{"line":4,"column":2},"end":{"line":4,"column":21}},"loc":{"start":{"line":4,"column":39},"end":{"line":4,"column":43}}},"1":{"name":"(anonymous_1)","decl":{"start":{"line":6,"column":2},"end":{"line":6,"column":16}},"loc":{"start":{"line":6,"column":16},"end":{"line":8,"column":3}}},"2":{"name":"(anonymous_2)","decl":{"start":{"line":7,"column":41},"end":{"line":7,"column":42}},"loc":{"start":{"line":7,"column":52},"end":{"line":7,"column":57}}},"3":{"name":"(anonymous_3)","decl":{"start":{"line":10,"column":2},"end":{"line":10,"column":10}},"loc":{"start":{"line":10,"column":10},"end":{"line":12,"column":3}}}},"branchMap":{},"s":{"0":7,"1":1,"2":3,"3":1},"f":{"0":7,"1":1,"2":3,"3":1},"b":{}}
,"/Users/alfnielsen/Dropbox/Coding/gameclasses/src/geometric/Rectangle2D.ts": {"path":"/Users/alfnielsen/Dropbox/Coding/gameclasses/src/geometric/Rectangle2D.ts","statementMap":{"0":{"start":{"line":26,"column":4},"end":{"line":26,"column":null}},"1":{"start":{"line":27,"column":4},"end":{"line":27,"column":null}},"2":{"start":{"line":9,"column":4},"end":{"line":9,"column":null}},"3":{"start":{"line":13,"column":4},"end":{"line":13,"column":null}},"4":{"start":{"line":21,"column":13},"end":{"line":21,"column":46}},"5":{"start":{"line":22,"column":4},"end":{"line":22,"column":null}},"6":{"start":{"line":31,"column":4},"end":{"line":31,"column":null}},"7":{"start":{"line":35,"column":4},"end":{"line":35,"column":null}},"8":{"start":{"line":36,"column":4},"end":{"line":36,"column":null}},"9":{"start":{"line":37,"column":4},"end":{"line":37,"column":null}},"10":{"start":{"line":41,"column":4},"end":{"line":41,"column":null}},"11":{"start":{"line":42,"column":4},"end":{"line":42,"column":null}},"12":{"start":{"line":43,"column":4},"end":{"line":43,"column":null}},"13":{"start":{"line":47,"column":4},"end":{"line":47,"column":null}}},"fnMap":{"0":{"name":"(anonymous_0)","decl":{"start":{"line":25,"column":2},"end":{"line":25,"column":14}},"loc":{"start":{"line":25,"column":56},"end":{"line":28,"column":3}}},"1":{"name":"(anonymous_1)","decl":{"start":{"line":8,"column":2},"end":{"line":8,"column":8}},"loc":{"start":{"line":8,"column":46},"end":{"line":10,"column":3}}},"2":{"name":"(anonymous_2)","decl":{"start":{"line":12,"column":2},"end":{"line":12,"column":8}},"loc":{"start":{"line":12,"column":46},"end":{"line":14,"column":3}}},"3":{"name":"(anonymous_3)","decl":{"start":{"line":16,"column":2},"end":{"line":16,"column":8}},"loc":{"start":{"line":19,"column":18},"end":{"line":23,"column":3}}},"4":{"name":"(anonymous_4)","decl":{"start":{"line":30,"column":2},"end":{"line":30,"column":13}},"loc":{"start":{"line":30,"column":13},"end":{"line":32,"column":3}}},"5":{"name":"(anonymous_5)","decl":{"start":{"line":34,"column":2},"end":{"line":34,"column":8}},"loc":{"start":{"line":34,"column":20},"end":{"line":38,"column":3}}},"6":{"name":"(anonymous_6)","decl":{"start":{"line":40,"column":2},"end":{"line":40,"column":9}},"loc":{"start":{"line":40,"column":21},"end":{"line":44,"column":3}}},"7":{"name":"(anonymous_7)","decl":{"start":{"line":46,"column":2},"end":{"line":46,"column":10}},"loc":{"start":{"line":46,"column":10},"end":{"line":48,"column":3}}}},"branchMap":{},"s":{"0":12,"1":12,"2":1,"3":1,"4":1,"5":1,"6":1,"7":1,"8":1,"9":1,"10":1,"11":1,"12":1,"13":1},"f":{"0":12,"1":1,"2":1,"3":1,"4":1,"5":1,"6":1,"7":1},"b":{}}
,"/Users/alfnielsen/Dropbox/Coding/gameclasses/src/geometric/Vector2D.ts": {"path":"/Users/alfnielsen/Dropbox/Coding/gameclasses/src/geometric/Vector2D.ts","statementMap":{"0":{"start":{"line":24,"column":21},"end":{"line":24,"column":30}},"1":{"start":{"line":24,"column":39},"end":{"line":24,"column":48}},"2":{"start":{"line":26,"column":2},"end":{"line":26,"column":null}},"3":{"start":{"line":3,"column":4},"end":{"line":3,"column":null}},"4":{"start":{"line":7,"column":4},"end":{"line":7,"column":null}},"5":{"start":{"line":10,"column":4},"end":{"line":10,"column":null}},"6":{"start":{"line":14,"column":4},"end":{"line":14,"column":null}},"7":{"start":{"line":18,"column":4},"end":{"line":18,"column":null}},"8":{"start":{"line":21,"column":4},"end":{"line":21,"column":null}},"9":{"start":{"line":29,"column":4},"end":{"line":29,"column":null}},"10":{"start":{"line":33,"column":4},"end":{"line":33,"column":null}},"11":{"start":{"line":37,"column":4},"end":{"line":37,"column":null}},"12":{"start":{"line":41,"column":4},"end":{"line":41,"column":null}},"13":{"start":{"line":45,"column":4},"end":{"line":45,"column":null}},"14":{"start":{"line":46,"column":4},"end":{"line":46,"column":null}},"15":{"start":{"line":47,"column":4},"end":{"line":47,"column":null}},"16":{"start":{"line":51,"column":4},"end":{"line":51,"column":null}},"17":{"start":{"line":52,"column":4},"end":{"line":52,"column":null}},"18":{"start":{"line":56,"column":4},"end":{"line":56,"column":null}},"19":{"start":{"line":57,"column":4},"end":{"line":57,"column":null}},"20":{"start":{"line":61,"column":19},"end":{"line":61,"column":32}},"21":{"start":{"line":62,"column":27},"end":{"line":62,"column":47}},"22":{"start":{"line":63,"column":4},"end":{"line":63,"column":null}},"23":{"start":{"line":64,"column":4},"end":{"line":64,"column":null}},"24":{"start":{"line":65,"column":4},"end":{"line":65,"column":null}},"25":{"start":{"line":69,"column":19},"end":{"line":69,"column":32}},"26":{"start":{"line":70,"column":27},"end":{"line":70,"column":47}},"27":{"start":{"line":71,"column":4},"end":{"line":71,"column":null}},"28":{"start":{"line":72,"column":4},"end":{"line":72,"column":null}},"29":{"start":{"line":73,"column":4},"end":{"line":73,"column":null}},"30":{"start":{"line":77,"column":19},"end":{"line":77,"column":32}},"31":{"start":{"line":78,"column":4},"end":{"line":78,"column":null}},"32":{"start":{"line":79,"column":4},"end":{"line":79,"column":null}},"33":{"start":{"line":80,"column":4},"end":{"line":80,"column":null}},"34":{"start":{"line":84,"column":17},"end":{"line":84,"column":34}},"35":{"start":{"line":85,"column":17},"end":{"line":85,"column":34}},"36":{"start":{"line":86,"column":24},"end":{"line":86,"column":68}},"37":{"start":{"line":87,"column":23},"end":{"line":87,"column":49}},"38":{"start":{"line":88,"column":27},"end":{"line":88,"column":45}},"39":{"start":{"line":89,"column":4},"end":{"line":89,"column":null}},"40":{"start":{"line":90,"column":4},"end":{"line":90,"column":null}},"41":{"start":{"line":91,"column":4},"end":{"line":91,"column":null}},"42":{"start":{"line":96,"column":4},"end":{"line":96,"column":null}},"43":{"start":{"line":101,"column":4},"end":{"line":101,"column":null}},"44":{"start":{"line":105,"column":4},"end":{"line":105,"column":null}},"45":{"start":{"line":110,"column":4},"end":{"line":110,"column":null}},"46":{"start":{"line":115,"column":4},"end":{"line":115,"column":null}},"47":{"start":{"line":119,"column":4},"end":{"line":119,"column":null}},"48":{"start":{"line":123,"column":12},"end":{"line":123,"column":26}},"49":{"start":{"line":124,"column":12},"end":{"line":124,"column":26}},"50":{"start":{"line":125,"column":4},"end":{"line":125,"column":null}},"51":{"start":{"line":129,"column":12},"end":{"line":129,"column":26}},"52":{"start":{"line":130,"column":12},"end":{"line":130,"column":26}},"53":{"start":{"line":131,"column":4},"end":{"line":131,"column":null}},"54":{"start":{"line":136,"column":4},"end":{"line":136,"column":null}},"55":{"start":{"line":137,"column":4},"end":{"line":137,"column":null}},"56":{"start":{"line":138,"column":4},"end":{"line":138,"column":null}},"57":{"start":{"line":142,"column":4},"end":{"line":142,"column":null}},"58":{"start":{"line":143,"column":4},"end":{"line":143,"column":null}},"59":{"start":{"line":144,"column":4},"end":{"line":144,"column":null}},"60":{"start":{"line":149,"column":4},"end":{"line":149,"column":null}},"61":{"start":{"line":150,"column":4},"end":{"line":150,"column":null}},"62":{"start":{"line":151,"column":4},"end":{"line":151,"column":null}},"63":{"start":{"line":155,"column":4},"end":{"line":155,"column":null}},"64":{"start":{"line":159,"column":4},"end":{"line":159,"column":null}},"65":{"start":{"line":160,"column":4},"end":{"line":160,"column":null}},"66":{"start":{"line":161,"column":4},"end":{"line":161,"column":null}},"67":{"start":{"line":166,"column":4},"end":{"line":166,"column":null}},"68":{"start":{"line":167,"column":4},"end":{"line":167,"column":null}},"69":{"start":{"line":168,"column":4},"end":{"line":168,"column":null}},"70":{"start":{"line":173,"column":4},"end":{"line":177,"column":null}},"71":{"start":{"line":174,"column":6},"end":{"line":174,"column":null}},"72":{"start":{"line":176,"column":6},"end":{"line":176,"column":null}},"73":{"start":{"line":178,"column":4},"end":{"line":182,"column":null}},"74":{"start":{"line":179,"column":6},"end":{"line":179,"column":null}},"75":{"start":{"line":181,"column":6},"end":{"line":181,"column":null}},"76":{"start":{"line":183,"column":4},"end":{"line":183,"column":null}},"77":{"start":{"line":187,"column":4},"end":{"line":189,"column":null}},"78":{"start":{"line":188,"column":6},"end":{"line":188,"column":null}},"79":{"start":{"line":190,"column":4},"end":{"line":190,"column":null}},"80":{"start":{"line":195,"column":4},"end":{"line":195,"column":null}},"81":{"start":{"line":196,"column":4},"end":{"line":196,"column":null}},"82":{"start":{"line":197,"column":4},"end":{"line":197,"column":null}},"83":{"start":{"line":201,"column":20},"end":{"line":201,"column":33}},"84":{"start":{"line":202,"column":4},"end":{"line":206,"column":null}},"85":{"start":{"line":203,"column":6},"end":{"line":203,"column":null}},"86":{"start":{"line":204,"column":6},"end":{"line":204,"column":null}},"87":{"start":{"line":205,"column":6},"end":{"line":205,"column":12}},"88":{"start":{"line":207,"column":18},"end":{"line":207,"column":34}},"89":{"start":{"line":208,"column":4},"end":{"line":208,"column":null}},"90":{"start":{"line":209,"column":4},"end":{"line":209,"column":null}},"91":{"start":{"line":210,"column":4},"end":{"line":210,"column":null}},"92":{"start":{"line":215,"column":4},"end":{"line":215,"column":null}},"93":{"start":{"line":220,"column":4},"end":{"line":220,"column":null}},"94":{"start":{"line":225,"column":16},"end":{"line":225,"column":50}},"95":{"start":{"line":226,"column":4},"end":{"line":226,"column":null}},"96":{"start":{"line":227,"column":4},"end":{"line":227,"column":null}},"97":{"start":{"line":228,"column":4},"end":{"line":228,"column":null}},"98":{"start":{"line":233,"column":16},"end":{"line":233,"column":50}},"99":{"start":{"line":234,"column":14},"end":{"line":234,"column":36}},"100":{"start":{"line":235,"column":14},"end":{"line":235,"column":36}},"101":{"start":{"line":236,"column":4},"end":{"line":236,"column":null}},"102":{"start":{"line":241,"column":16},"end":{"line":241,"column":50}},"103":{"start":{"line":242,"column":4},"end":{"line":242,"column":null}},"104":{"start":{"line":243,"column":4},"end":{"line":243,"column":null}},"105":{"start":{"line":244,"column":4},"end":{"line":244,"column":null}},"106":{"start":{"line":248,"column":17},"end":{"line":248,"column":30}},"107":{"start":{"line":249,"column":4},"end":{"line":251,"column":null}},"108":{"start":{"line":250,"column":6},"end":{"line":250,"column":null}},"109":{"start":{"line":252,"column":4},"end":{"line":252,"column":null}},"110":{"start":{"line":253,"column":4},"end":{"line":253,"column":null}},"111":{"start":{"line":254,"column":4},"end":{"line":254,"column":null}},"112":{"start":{"line":258,"column":4},"end":{"line":258,"column":null}},"113":{"start":{"line":259,"column":4},"end":{"line":259,"column":null}},"114":{"start":{"line":260,"column":4},"end":{"line":260,"column":null}},"115":{"start":{"line":264,"column":4},"end":{"line":264,"column":null}},"116":{"start":{"line":265,"column":4},"end":{"line":265,"column":null}},"117":{"start":{"line":266,"column":4},"end":{"line":266,"column":null}},"118":{"start":{"line":270,"column":4},"end":{"line":274,"column":null}},"119":{"start":{"line":271,"column":6},"end":{"line":271,"column":null}},"120":{"start":{"line":273,"column":6},"end":{"line":273,"column":null}},"121":{"start":{"line":275,"column":4},"end":{"line":275,"column":null}},"122":{"start":{"line":5,"column":9},"end":{"line":5,"column":null}}},"fnMap":{"0":{"name":"(anonymous_0)","decl":{"start":{"line":24,"column":2},"end":{"line":24,"column":21}},"loc":{"start":{"line":24,"column":48},"end":{"line":24,"column":52}}},"1":{"name":"(anonymous_1)","decl":{"start":{"line":2,"column":2},"end":{"line":2,"column":8}},"loc":{"start":{"line":2,"column":17},"end":{"line":4,"column":3}}},"2":{"name":"(anonymous_2)","decl":{"start":{"line":6,"column":2},"end":{"line":6,"column":8}},"loc":{"start":{"line":6,"column":16},"end":{"line":8,"column":3}}},"3":{"name":"(anonymous_3)","decl":{"start":{"line":9,"column":2},"end":{"line":9,"column":8}},"loc":{"start":{"line":9,"column":17},"end":{"line":11,"column":3}}},"4":{"name":"(anonymous_4)","decl":{"start":{"line":13,"column":2},"end":{"line":13,"column":8}},"loc":{"start":{"line":13,"column":48},"end":{"line":15,"column":3}}},"5":{"name":"(anonymous_5)","decl":{"start":{"line":17,"column":2},"end":{"line":17,"column":8}},"loc":{"start":{"line":17,"column":32},"end":{"line":19,"column":3}}},"6":{"name":"(anonymous_6)","decl":{"start":{"line":20,"column":2},"end":{"line":20,"column":8}},"loc":{"start":{"line":20,"column":54},"end":{"line":22,"column":3}}},"7":{"name":"(anonymous_7)","decl":{"start":{"line":28,"column":2},"end":{"line":28,"column":10}},"loc":{"start":{"line":28,"column":10},"end":{"line":30,"column":3}}},"8":{"name":"(anonymous_8)","decl":{"start":{"line":32,"column":2},"end":{"line":32,"column":15}},"loc":{"start":{"line":32,"column":15},"end":{"line":34,"column":3}}},"9":{"name":"(anonymous_9)","decl":{"start":{"line":36,"column":2},"end":{"line":36,"column":11}},"loc":{"start":{"line":36,"column":25},"end":{"line":38,"column":3}}},"10":{"name":"(anonymous_10)","decl":{"start":{"line":40,"column":2},"end":{"line":40,"column":8}},"loc":{"start":{"line":40,"column":8},"end":{"line":42,"column":3}}},"11":{"name":"(anonymous_11)","decl":{"start":{"line":44,"column":2},"end":{"line":44,"column":8}},"loc":{"start":{"line":44,"column":8},"end":{"line":48,"column":3}}},"12":{"name":"(anonymous_12)","decl":{"start":{"line":50,"column":2},"end":{"line":50,"column":9}},"loc":{"start":{"line":50,"column":9},"end":{"line":53,"column":3}}},"13":{"name":"(anonymous_13)","decl":{"start":{"line":55,"column":2},"end":{"line":55,"column":9}},"loc":{"start":{"line":55,"column":9},"end":{"line":58,"column":3}}},"14":{"name":"(anonymous_14)","decl":{"start":{"line":60,"column":2},"end":{"line":60,"column":8}},"loc":{"start":{"line":60,"column":22},"end":{"line":66,"column":3}}},"15":{"name":"(anonymous_15)","decl":{"start":{"line":68,"column":2},"end":{"line":68,"column":21}},"loc":{"start":{"line":68,"column":35},"end":{"line":74,"column":3}}},"16":{"name":"(anonymous_16)","decl":{"start":{"line":76,"column":2},"end":{"line":76,"column":10}},"loc":{"start":{"line":76,"column":24},"end":{"line":81,"column":3}}},"17":{"name":"(anonymous_17)","decl":{"start":{"line":83,"column":2},"end":{"line":83,"column":14}},"loc":{"start":{"line":83,"column":46},"end":{"line":92,"column":3}}},"18":{"name":"(anonymous_18)","decl":{"start":{"line":95,"column":2},"end":{"line":95,"column":9}},"loc":{"start":{"line":95,"column":23},"end":{"line":97,"column":3}}},"19":{"name":"(anonymous_19)","decl":{"start":{"line":100,"column":2},"end":{"line":100,"column":14}},"loc":{"start":{"line":100,"column":28},"end":{"line":102,"column":3}}},"20":{"name":"(anonymous_20)","decl":{"start":{"line":104,"column":2},"end":{"line":104,"column":13}},"loc":{"start":{"line":104,"column":43},"end":{"line":106,"column":3}}},"21":{"name":"(anonymous_21)","decl":{"start":{"line":109,"column":2},"end":{"line":109,"column":7}},"loc":{"start":{"line":109,"column":7},"end":{"line":111,"column":3}}},"22":{"name":"(anonymous_22)","decl":{"start":{"line":114,"column":2},"end":{"line":114,"column":8}},"loc":{"start":{"line":114,"column":8},"end":{"line":116,"column":3}}},"23":{"name":"(anonymous_23)","decl":{"start":{"line":118,"column":2},"end":{"line":118,"column":12}},"loc":{"start":{"line":118,"column":12},"end":{"line":120,"column":3}}},"24":{"name":"(anonymous_24)","decl":{"start":{"line":122,"column":2},"end":{"line":122,"column":8}},"loc":{"start":{"line":122,"column":22},"end":{"line":126,"column":3}}},"25":{"name":"(anonymous_25)","decl":{"start":{"line":128,"column":2},"end":{"line":128,"column":12}},"loc":{"start":{"line":128,"column":26},"end":{"line":132,"column":3}}},"26":{"name":"(anonymous_26)","decl":{"start":{"line":135,"column":2},"end":{"line":135,"column":5}},"loc":{"start":{"line":135,"column":19},"end":{"line":139,"column":3}}},"27":{"name":"(anonymous_27)","decl":{"start":{"line":141,"column":2},"end":{"line":141,"column":11}},"loc":{"start":{"line":141,"column":29},"end":{"line":145,"column":3}}},"28":{"name":"(anonymous_28)","decl":{"start":{"line":148,"column":2},"end":{"line":148,"column":5}},"loc":{"start":{"line":148,"column":19},"end":{"line":152,"column":3}}},"29":{"name":"(anonymous_29)","decl":{"start":{"line":154,"column":2},"end":{"line":154,"column":10}},"loc":{"start":{"line":154,"column":24},"end":{"line":156,"column":3}}},"30":{"name":"(anonymous_30)","decl":{"start":{"line":158,"column":2},"end":{"line":158,"column":7}},"loc":{"start":{"line":158,"column":21},"end":{"line":162,"column":3}}},"31":{"name":"(anonymous_31)","decl":{"start":{"line":165,"column":2},"end":{"line":165,"column":7}},"loc":{"start":{"line":165,"column":21},"end":{"line":169,"column":3}}},"32":{"name":"(anonymous_32)","decl":{"start":{"line":172,"column":2},"end":{"line":172,"column":8}},"loc":{"start":{"line":172,"column":22},"end":{"line":184,"column":3}}},"33":{"name":"(anonymous_33)","decl":{"start":{"line":186,"column":2},"end":{"line":186,"column":7}},"loc":{"start":{"line":186,"column":7},"end":{"line":191,"column":3}}},"34":{"name":"(anonymous_34)","decl":{"start":{"line":194,"column":2},"end":{"line":194,"column":7}},"loc":{"start":{"line":194,"column":17},"end":{"line":198,"column":3}}},"35":{"name":"(anonymous_35)","decl":{"start":{"line":200,"column":2},"end":{"line":200,"column":9}},"loc":{"start":{"line":200,"column":24},"end":{"line":211,"column":3}}},"36":{"name":"(anonymous_36)","decl":{"start":{"line":214,"column":2},"end":{"line":214,"column":8}},"loc":{"start":{"line":214,"column":22},"end":{"line":216,"column":3}}},"37":{"name":"(anonymous_37)","decl":{"start":{"line":219,"column":2},"end":{"line":219,"column":7}},"loc":{"start":{"line":219,"column":21},"end":{"line":221,"column":3}}},"38":{"name":"(anonymous_38)","decl":{"start":{"line":224,"column":2},"end":{"line":224,"column":12}},"loc":{"start":{"line":224,"column":26},"end":{"line":229,"column":3}}},"39":{"name":"(anonymous_39)","decl":{"start":{"line":232,"column":2},"end":{"line":232,"column":18}},"loc":{"start":{"line":232,"column":32},"end":{"line":237,"column":3}}},"40":{"name":"(anonymous_40)","decl":{"start":{"line":240,"column":2},"end":{"line":240,"column":20}},"loc":{"start":{"line":240,"column":34},"end":{"line":245,"column":3}}},"41":{"name":"(anonymous_41)","decl":{"start":{"line":247,"column":2},"end":{"line":247,"column":11}},"loc":{"start":{"line":247,"column":11},"end":{"line":255,"column":3}}},"42":{"name":"(anonymous_42)","decl":{"start":{"line":257,"column":2},"end":{"line":257,"column":7}},"loc":{"start":{"line":257,"column":7},"end":{"line":261,"column":3}}},"43":{"name":"(anonymous_43)","decl":{"start":{"line":263,"column":2},"end":{"line":263,"column":7}},"loc":{"start":{"line":263,"column":7},"end":{"line":267,"column":3}}},"44":{"name":"(anonymous_44)","decl":{"start":{"line":269,"column":2},"end":{"line":269,"column":5}},"loc":{"start":{"line":269,"column":18},"end":{"line":276,"column":3}}}},"branchMap":{"0":{"loc":{"start":{"line":37,"column":11},"end":{"line":37,"column":27}},"type":"binary-expr","locations":[{"start":{"line":37,"column":11},"end":{"line":37,"column":27}},{"start":{"line":37,"column":31},"end":{"line":37,"column":47}}]},"1":{"loc":{"start":{"line":41,"column":11},"end":{"line":41,"column":23}},"type":"binary-expr","locations":[{"start":{"line":41,"column":11},"end":{"line":41,"column":23}},{"start":{"line":41,"column":27},"end":{"line":41,"column":39}}]},"2":{"loc":{"start":{"line":141,"column":28},"end":{"line":141,"column":29}},"type":"default-arg","locations":[{"start":{"line":141,"column":28},"end":{"line":141,"column":29}}]},"3":{"loc":{"start":{"line":173,"column":4},"end":{"line":177,"column":null}},"type":"if","locations":[{"start":{"line":173,"column":4},"end":{"line":177,"column":null}},{"start":{"line":173,"column":4},"end":{"line":177,"column":null}}]},"4":{"loc":{"start":{"line":178,"column":4},"end":{"line":182,"column":null}},"type":"if","locations":[{"start":{"line":178,"column":4},"end":{"line":182,"column":null}},{"start":{"line":178,"column":4},"end":{"line":182,"column":null}}]},"5":{"loc":{"start":{"line":187,"column":4},"end":{"line":189,"column":null}},"type":"if","locations":[{"start":{"line":187,"column":4},"end":{"line":189,"column":null}},{"start":{"line":187,"column":4},"end":{"line":189,"column":null}}]},"6":{"loc":{"start":{"line":202,"column":4},"end":{"line":206,"column":null}},"type":"if","locations":[{"start":{"line":202,"column":4},"end":{"line":206,"column":null}},{"start":{"line":202,"column":4},"end":{"line":206,"column":null}}]},"7":{"loc":{"start":{"line":249,"column":4},"end":{"line":251,"column":null}},"type":"if","locations":[{"start":{"line":249,"column":4},"end":{"line":251,"column":null}},{"start":{"line":249,"column":4},"end":{"line":251,"column":null}}]},"8":{"loc":{"start":{"line":270,"column":4},"end":{"line":274,"column":null}},"type":"if","locations":[{"start":{"line":270,"column":4},"end":{"line":274,"column":null}},{"start":{"line":270,"column":4},"end":{"line":274,"column":null}}]}},"s":{"0":513,"1":513,"2":513,"3":11,"4":2,"5":4,"6":17,"7":1,"8":1,"9":1,"10":3,"11":2,"12":2,"13":1,"14":1,"15":1,"16":1,"17":1,"18":1,"19":1,"20":8,"21":8,"22":8,"23":8,"24":8,"25":1,"26":1,"27":1,"28":1,"29":1,"30":2,"31":2,"32":2,"33":2,"34":2,"35":2,"36":2,"37":2,"38":2,"39":2,"40":2,"41":2,"42":2,"43":2,"44":1,"45":33,"46":36,"47":1,"48":2,"49":2,"50":2,"51":1,"52":1,"53":1,"54":17,"55":17,"56":17,"57":2,"58":2,"59":2,"60":2,"61":2,"62":2,"63":2,"64":5,"65":5,"66":5,"67":2,"68":2,"69":2,"70":5,"71":2,"72":3,"73":5,"74":2,"75":3,"76":5,"77":4,"78":1,"79":3,"80":2,"81":2,"82":2,"83":6,"84":6,"85":1,"86":1,"87":1,"88":5,"89":5,"90":5,"91":5,"92":14,"93":2,"94":2,"95":2,"96":2,"97":2,"98":2,"99":2,"100":2,"101":2,"102":2,"103":2,"104":2,"105":2,"106":2,"107":2,"108":1,"109":1,"110":1,"111":1,"112":1,"113":1,"114":1,"115":1,"116":1,"117":1,"118":4,"119":2,"120":2,"121":4,"122":7},"f":{"0":513,"1":11,"2":2,"3":4,"4":17,"5":1,"6":1,"7":1,"8":3,"9":2,"10":2,"11":1,"12":1,"13":1,"14":8,"15":1,"16":2,"17":2,"18":2,"19":2,"20":1,"21":33,"22":36,"23":1,"24":2,"25":1,"26":17,"27":2,"28":2,"29":2,"30":5,"31":2,"32":5,"33":4,"34":2,"35":6,"36":14,"37":2,"38":2,"39":2,"40":2,"41":2,"42":1,"43":1,"44":4},"b":{"0":[2,2],"1":[2,1],"2":[1],"3":[2,3],"4":[2,3],"5":[1,3],"6":[1,5],"7":[1,1],"8":[2,2]}}
,"/Users/alfnielsen/Dropbox/Coding/gameclasses/src/util/MathX.ts": {"path":"/Users/alfnielsen/Dropbox/Coding/gameclasses/src/util/MathX.ts","statementMap":{"0":{"start":{"line":2,"column":18},"end":{"line":2,"column":null}},"1":{"start":{"line":3,"column":18},"end":{"line":3,"column":null}},"2":{"start":{"line":4,"column":18},"end":{"line":4,"column":null}},"3":{"start":{"line":5,"column":18},"end":{"line":5,"column":null}},"4":{"start":{"line":6,"column":18},"end":{"line":6,"column":null}},"5":{"start":{"line":7,"column":18},"end":{"line":7,"column":null}},"6":{"start":{"line":8,"column":18},"end":{"line":8,"column":null}},"7":{"start":{"line":9,"column":18},"end":{"line":9,"column":null}},"8":{"start":{"line":10,"column":18},"end":{"line":10,"column":null}},"9":{"start":{"line":11,"column":18},"end":{"line":11,"column":null}},"10":{"start":{"line":13,"column":9},"end":{"line":13,"column":null}},"11":{"start":{"line":13,"column":46},"end":{"line":13,"column":62}},"12":{"start":{"line":14,"column":9},"end":{"line":14,"column":null}},"13":{"start":{"line":14,"column":46},"end":{"line":14,"column":62}},"14":{"start":{"line":16,"column":9},"end":{"line":17,"column":null}},"15":{"start":{"line":17,"column":4},"end":{"line":17,"column":53}}},"fnMap":{"0":{"name":"(anonymous_0)","decl":{"start":{"line":13,"column":21},"end":{"line":13,"column":22}},"loc":{"start":{"line":13,"column":46},"end":{"line":13,"column":62}}},"1":{"name":"(anonymous_1)","decl":{"start":{"line":14,"column":21},"end":{"line":14,"column":22}},"loc":{"start":{"line":14,"column":46},"end":{"line":14,"column":62}}},"2":{"name":"(anonymous_2)","decl":{"start":{"line":16,"column":21},"end":{"line":16,"column":22}},"loc":{"start":{"line":17,"column":4},"end":{"line":17,"column":53}}}},"branchMap":{},"s":{"0":4,"1":4,"2":4,"3":4,"4":4,"5":4,"6":4,"7":4,"8":4,"9":4,"10":4,"11":14,"12":4,"13":3,"14":4,"15":100},"f":{"0":14,"1":3,"2":100},"b":{}}
}
