{"/Users/alfnielsen/Dropbox/Coding/gameclasses/src/canvas/Canvas.ts": {"path":"/Users/alfnielsen/Dropbox/Coding/gameclasses/src/canvas/Canvas.ts","statementMap":{"0":{"start":{"line":13,"column":13},"end":{"line":13,"column":38}},"1":{"start":{"line":14,"column":13},"end":{"line":14,"column":25}},"2":{"start":{"line":15,"column":13},"end":{"line":15,"column":25}},"3":{"start":{"line":17,"column":6},"end":{"line":17,"column":null}},"4":{"start":{"line":18,"column":6},"end":{"line":18,"column":null}},"5":{"start":{"line":22,"column":6},"end":{"line":22,"column":null}},"6":{"start":{"line":23,"column":6},"end":{"line":23,"column":null}},"7":{"start":{"line":24,"column":6},"end":{"line":24,"column":null}},"8":{"start":{"line":29,"column":6},"end":{"line":29,"column":null}},"9":{"start":{"line":30,"column":6},"end":{"line":30,"column":null}},"10":{"start":{"line":31,"column":6},"end":{"line":31,"column":null}},"11":{"start":{"line":32,"column":6},"end":{"line":32,"column":null}},"12":{"start":{"line":33,"column":6},"end":{"line":33,"column":null}},"13":{"start":{"line":34,"column":6},"end":{"line":34,"column":null}},"14":{"start":{"line":41,"column":6},"end":{"line":41,"column":null}},"15":{"start":{"line":42,"column":6},"end":{"line":42,"column":null}},"16":{"start":{"line":46,"column":6},"end":{"line":46,"column":null}},"17":{"start":{"line":47,"column":6},"end":{"line":47,"column":null}},"18":{"start":{"line":51,"column":6},"end":{"line":51,"column":null}},"19":{"start":{"line":52,"column":6},"end":{"line":52,"column":null}},"20":{"start":{"line":56,"column":6},"end":{"line":56,"column":null}},"21":{"start":{"line":57,"column":6},"end":{"line":57,"column":null}},"22":{"start":{"line":61,"column":6},"end":{"line":61,"column":null}},"23":{"start":{"line":62,"column":6},"end":{"line":62,"column":null}},"24":{"start":{"line":66,"column":6},"end":{"line":66,"column":null}},"25":{"start":{"line":67,"column":6},"end":{"line":67,"column":null}},"26":{"start":{"line":71,"column":6},"end":{"line":71,"column":null}},"27":{"start":{"line":72,"column":6},"end":{"line":72,"column":null}},"28":{"start":{"line":77,"column":6},"end":{"line":77,"column":null}},"29":{"start":{"line":78,"column":6},"end":{"line":78,"column":null}},"30":{"start":{"line":83,"column":6},"end":{"line":83,"column":null}},"31":{"start":{"line":84,"column":6},"end":{"line":84,"column":null}},"32":{"start":{"line":88,"column":6},"end":{"line":88,"column":null}},"33":{"start":{"line":89,"column":6},"end":{"line":89,"column":null}},"34":{"start":{"line":93,"column":6},"end":{"line":93,"column":null}},"35":{"start":{"line":94,"column":6},"end":{"line":94,"column":null}},"36":{"start":{"line":98,"column":6},"end":{"line":98,"column":null}},"37":{"start":{"line":99,"column":6},"end":{"line":99,"column":null}},"38":{"start":{"line":103,"column":6},"end":{"line":103,"column":null}},"39":{"start":{"line":104,"column":6},"end":{"line":104,"column":null}},"40":{"start":{"line":108,"column":6},"end":{"line":108,"column":null}},"41":{"start":{"line":109,"column":6},"end":{"line":109,"column":null}},"42":{"start":{"line":115,"column":6},"end":{"line":121,"column":null}},"43":{"start":{"line":116,"column":9},"end":{"line":116,"column":null}},"44":{"start":{"line":117,"column":9},"end":{"line":117,"column":null}},"45":{"start":{"line":119,"column":9},"end":{"line":119,"column":null}},"46":{"start":{"line":120,"column":9},"end":{"line":120,"column":null}},"47":{"start":{"line":122,"column":6},"end":{"line":122,"column":null}},"48":{"start":{"line":126,"column":6},"end":{"line":126,"column":null}},"49":{"start":{"line":127,"column":6},"end":{"line":127,"column":null}},"50":{"start":{"line":131,"column":6},"end":{"line":131,"column":null}},"51":{"start":{"line":132,"column":6},"end":{"line":132,"column":null}},"52":{"start":{"line":136,"column":6},"end":{"line":136,"column":null}},"53":{"start":{"line":137,"column":6},"end":{"line":137,"column":null}},"54":{"start":{"line":138,"column":6},"end":{"line":138,"column":null}},"55":{"start":{"line":142,"column":6},"end":{"line":142,"column":null}},"56":{"start":{"line":143,"column":6},"end":{"line":143,"column":null}},"57":{"start":{"line":147,"column":6},"end":{"line":147,"column":null}},"58":{"start":{"line":148,"column":6},"end":{"line":148,"column":null}},"59":{"start":{"line":156,"column":6},"end":{"line":162,"column":null}},"60":{"start":{"line":157,"column":9},"end":{"line":157,"column":null}},"61":{"start":{"line":158,"column":13},"end":{"line":162,"column":null}},"62":{"start":{"line":159,"column":9},"end":{"line":159,"column":null}},"63":{"start":{"line":161,"column":9},"end":{"line":161,"column":null}},"64":{"start":{"line":163,"column":6},"end":{"line":163,"column":null}},"65":{"start":{"line":169,"column":6},"end":{"line":173,"column":null}},"66":{"start":{"line":170,"column":9},"end":{"line":170,"column":null}},"67":{"start":{"line":172,"column":9},"end":{"line":172,"column":null}},"68":{"start":{"line":174,"column":6},"end":{"line":174,"column":null}},"69":{"start":{"line":178,"column":6},"end":{"line":178,"column":null}},"70":{"start":{"line":182,"column":6},"end":{"line":182,"column":null}},"71":{"start":{"line":183,"column":6},"end":{"line":183,"column":null}},"72":{"start":{"line":190,"column":6},"end":{"line":194,"column":null}},"73":{"start":{"line":191,"column":9},"end":{"line":191,"column":null}},"74":{"start":{"line":193,"column":9},"end":{"line":193,"column":null}},"75":{"start":{"line":195,"column":6},"end":{"line":195,"column":null}},"76":{"start":{"line":201,"column":6},"end":{"line":206,"column":null}},"77":{"start":{"line":202,"column":9},"end":{"line":202,"column":null}},"78":{"start":{"line":204,"column":9},"end":{"line":204,"column":null}},"79":{"start":{"line":207,"column":6},"end":{"line":207,"column":null}},"80":{"start":{"line":213,"column":6},"end":{"line":217,"column":null}},"81":{"start":{"line":214,"column":9},"end":{"line":214,"column":null}},"82":{"start":{"line":216,"column":9},"end":{"line":216,"column":null}},"83":{"start":{"line":218,"column":6},"end":{"line":218,"column":null}},"84":{"start":{"line":222,"column":6},"end":{"line":222,"column":null}},"85":{"start":{"line":223,"column":6},"end":{"line":223,"column":null}},"86":{"start":{"line":230,"column":6},"end":{"line":232,"column":null}},"87":{"start":{"line":231,"column":9},"end":{"line":231,"column":null}},"88":{"start":{"line":233,"column":6},"end":{"line":235,"column":null}},"89":{"start":{"line":234,"column":9},"end":{"line":234,"column":null}},"90":{"start":{"line":236,"column":6},"end":{"line":236,"column":null}},"91":{"start":{"line":242,"column":6},"end":{"line":246,"column":null}},"92":{"start":{"line":243,"column":9},"end":{"line":243,"column":null}},"93":{"start":{"line":245,"column":9},"end":{"line":245,"column":null}},"94":{"start":{"line":247,"column":6},"end":{"line":247,"column":null}},"95":{"start":{"line":251,"column":6},"end":{"line":251,"column":null}},"96":{"start":{"line":252,"column":6},"end":{"line":252,"column":null}},"97":{"start":{"line":258,"column":6},"end":{"line":260,"column":null}},"98":{"start":{"line":259,"column":9},"end":{"line":259,"column":null}},"99":{"start":{"line":261,"column":6},"end":{"line":261,"column":null}},"100":{"start":{"line":265,"column":6},"end":{"line":265,"column":null}},"101":{"start":{"line":266,"column":6},"end":{"line":266,"column":null}},"102":{"start":{"line":276,"column":6},"end":{"line":290,"column":null}},"103":{"start":{"line":277,"column":9},"end":{"line":283,"column":null}},"104":{"start":{"line":278,"column":12},"end":{"line":278,"column":null}},"105":{"start":{"line":279,"column":16},"end":{"line":283,"column":null}},"106":{"start":{"line":280,"column":12},"end":{"line":280,"column":null}},"107":{"start":{"line":282,"column":12},"end":{"line":282,"column":null}},"108":{"start":{"line":284,"column":13},"end":{"line":290,"column":null}},"109":{"start":{"line":285,"column":9},"end":{"line":285,"column":null}},"110":{"start":{"line":286,"column":13},"end":{"line":290,"column":null}},"111":{"start":{"line":287,"column":9},"end":{"line":287,"column":null}},"112":{"start":{"line":288,"column":13},"end":{"line":290,"column":null}},"113":{"start":{"line":289,"column":9},"end":{"line":289,"column":null}},"114":{"start":{"line":291,"column":6},"end":{"line":291,"column":null}},"115":{"start":{"line":297,"column":6},"end":{"line":301,"column":null}},"116":{"start":{"line":298,"column":9},"end":{"line":298,"column":null}},"117":{"start":{"line":300,"column":9},"end":{"line":300,"column":null}},"118":{"start":{"line":302,"column":6},"end":{"line":302,"column":null}},"119":{"start":{"line":306,"column":6},"end":{"line":306,"column":null}},"120":{"start":{"line":307,"column":6},"end":{"line":307,"column":null}},"121":{"start":{"line":314,"column":6},"end":{"line":320,"column":null}},"122":{"start":{"line":315,"column":9},"end":{"line":315,"column":null}},"123":{"start":{"line":316,"column":13},"end":{"line":320,"column":null}},"124":{"start":{"line":317,"column":9},"end":{"line":317,"column":null}},"125":{"start":{"line":319,"column":9},"end":{"line":319,"column":null}},"126":{"start":{"line":321,"column":6},"end":{"line":321,"column":null}},"127":{"start":{"line":327,"column":6},"end":{"line":331,"column":null}},"128":{"start":{"line":328,"column":9},"end":{"line":328,"column":null}},"129":{"start":{"line":330,"column":9},"end":{"line":330,"column":null}},"130":{"start":{"line":332,"column":6},"end":{"line":332,"column":null}},"131":{"start":{"line":339,"column":6},"end":{"line":341,"column":null}},"132":{"start":{"line":340,"column":9},"end":{"line":340,"column":null}},"133":{"start":{"line":342,"column":6},"end":{"line":344,"column":null}},"134":{"start":{"line":343,"column":9},"end":{"line":343,"column":null}},"135":{"start":{"line":345,"column":6},"end":{"line":345,"column":null}},"136":{"start":{"line":349,"column":6},"end":{"line":349,"column":null}},"137":{"start":{"line":353,"column":6},"end":{"line":353,"column":null}},"138":{"start":{"line":359,"column":6},"end":{"line":361,"column":null}},"139":{"start":{"line":360,"column":9},"end":{"line":360,"column":null}},"140":{"start":{"line":362,"column":6},"end":{"line":362,"column":null}},"141":{"start":{"line":370,"column":6},"end":{"line":372,"column":null}},"142":{"start":{"line":371,"column":9},"end":{"line":371,"column":null}},"143":{"start":{"line":373,"column":6},"end":{"line":375,"column":null}},"144":{"start":{"line":374,"column":9},"end":{"line":374,"column":null}},"145":{"start":{"line":376,"column":6},"end":{"line":378,"column":null}},"146":{"start":{"line":377,"column":9},"end":{"line":377,"column":null}},"147":{"start":{"line":379,"column":6},"end":{"line":381,"column":null}},"148":{"start":{"line":380,"column":9},"end":{"line":380,"column":null}},"149":{"start":{"line":382,"column":6},"end":{"line":382,"column":null}},"150":{"start":{"line":388,"column":6},"end":{"line":392,"column":null}},"151":{"start":{"line":389,"column":9},"end":{"line":389,"column":null}},"152":{"start":{"line":391,"column":9},"end":{"line":391,"column":null}},"153":{"start":{"line":393,"column":6},"end":{"line":393,"column":null}},"154":{"start":{"line":397,"column":6},"end":{"line":397,"column":null}},"155":{"start":{"line":398,"column":6},"end":{"line":398,"column":null}},"156":{"start":{"line":404,"column":6},"end":{"line":408,"column":null}},"157":{"start":{"line":405,"column":9},"end":{"line":405,"column":null}},"158":{"start":{"line":407,"column":9},"end":{"line":407,"column":null}},"159":{"start":{"line":409,"column":6},"end":{"line":409,"column":null}},"160":{"start":{"line":419,"column":6},"end":{"line":433,"column":null}},"161":{"start":{"line":420,"column":9},"end":{"line":426,"column":null}},"162":{"start":{"line":421,"column":12},"end":{"line":421,"column":null}},"163":{"start":{"line":422,"column":16},"end":{"line":426,"column":null}},"164":{"start":{"line":423,"column":12},"end":{"line":423,"column":null}},"165":{"start":{"line":424,"column":16},"end":{"line":426,"column":null}},"166":{"start":{"line":425,"column":12},"end":{"line":425,"column":null}},"167":{"start":{"line":427,"column":13},"end":{"line":433,"column":null}},"168":{"start":{"line":428,"column":9},"end":{"line":432,"column":null}},"169":{"start":{"line":429,"column":12},"end":{"line":429,"column":null}},"170":{"start":{"line":431,"column":12},"end":{"line":431,"column":null}},"171":{"start":{"line":434,"column":6},"end":{"line":434,"column":null}},"172":{"start":{"line":440,"column":6},"end":{"line":444,"column":null}},"173":{"start":{"line":441,"column":9},"end":{"line":441,"column":null}},"174":{"start":{"line":443,"column":9},"end":{"line":443,"column":null}},"175":{"start":{"line":445,"column":6},"end":{"line":445,"column":null}},"176":{"start":{"line":452,"column":6},"end":{"line":458,"column":null}},"177":{"start":{"line":453,"column":9},"end":{"line":453,"column":null}},"178":{"start":{"line":454,"column":13},"end":{"line":458,"column":null}},"179":{"start":{"line":455,"column":9},"end":{"line":455,"column":null}},"180":{"start":{"line":457,"column":9},"end":{"line":457,"column":null}},"181":{"start":{"line":459,"column":6},"end":{"line":459,"column":null}},"182":{"start":{"line":463,"column":6},"end":{"line":463,"column":null}},"183":{"start":{"line":464,"column":6},"end":{"line":464,"column":null}},"184":{"start":{"line":468,"column":6},"end":{"line":468,"column":null}},"185":{"start":{"line":469,"column":6},"end":{"line":469,"column":null}},"186":{"start":{"line":473,"column":6},"end":{"line":473,"column":null}},"187":{"start":{"line":474,"column":6},"end":{"line":474,"column":null}},"188":{"start":{"line":478,"column":6},"end":{"line":478,"column":null}},"189":{"start":{"line":479,"column":6},"end":{"line":479,"column":null}},"190":{"start":{"line":485,"column":6},"end":{"line":489,"column":null}},"191":{"start":{"line":486,"column":9},"end":{"line":486,"column":null}},"192":{"start":{"line":488,"column":9},"end":{"line":488,"column":null}},"193":{"start":{"line":490,"column":6},"end":{"line":490,"column":null}},"194":{"start":{"line":494,"column":6},"end":{"line":494,"column":null}},"195":{"start":{"line":495,"column":6},"end":{"line":495,"column":null}},"196":{"start":{"line":499,"column":6},"end":{"line":499,"column":null}},"197":{"start":{"line":500,"column":6},"end":{"line":500,"column":null}},"198":{"start":{"line":506,"column":6},"end":{"line":510,"column":null}},"199":{"start":{"line":507,"column":9},"end":{"line":507,"column":null}},"200":{"start":{"line":509,"column":9},"end":{"line":509,"column":null}},"201":{"start":{"line":511,"column":6},"end":{"line":511,"column":null}},"202":{"start":{"line":517,"column":6},"end":{"line":521,"column":null}},"203":{"start":{"line":518,"column":9},"end":{"line":518,"column":null}},"204":{"start":{"line":520,"column":9},"end":{"line":520,"column":null}},"205":{"start":{"line":522,"column":6},"end":{"line":522,"column":null}},"206":{"start":{"line":529,"column":6},"end":{"line":535,"column":null}},"207":{"start":{"line":530,"column":9},"end":{"line":530,"column":null}},"208":{"start":{"line":531,"column":13},"end":{"line":535,"column":null}},"209":{"start":{"line":532,"column":9},"end":{"line":532,"column":null}},"210":{"start":{"line":534,"column":9},"end":{"line":534,"column":null}},"211":{"start":{"line":536,"column":6},"end":{"line":536,"column":null}},"212":{"start":{"line":542,"column":6},"end":{"line":546,"column":null}},"213":{"start":{"line":543,"column":9},"end":{"line":543,"column":null}},"214":{"start":{"line":545,"column":9},"end":{"line":545,"column":null}},"215":{"start":{"line":547,"column":6},"end":{"line":547,"column":null}},"216":{"start":{"line":551,"column":6},"end":{"line":551,"column":null}},"217":{"start":{"line":552,"column":6},"end":{"line":552,"column":null}},"218":{"start":{"line":558,"column":6},"end":{"line":562,"column":null}},"219":{"start":{"line":559,"column":9},"end":{"line":559,"column":null}},"220":{"start":{"line":561,"column":9},"end":{"line":561,"column":null}},"221":{"start":{"line":563,"column":6},"end":{"line":563,"column":null}},"222":{"start":{"line":571,"column":18},"end":{"line":571,"column":84}},"223":{"start":{"line":572,"column":6},"end":{"line":574,"column":null}},"224":{"start":{"line":572,"column":19},"end":{"line":572,"column":24}},"225":{"start":{"line":573,"column":9},"end":{"line":573,"column":null}},"226":{"start":{"line":575,"column":6},"end":{"line":577,"column":null}},"227":{"start":{"line":575,"column":19},"end":{"line":575,"column":24}},"228":{"start":{"line":576,"column":9},"end":{"line":576,"column":null}},"229":{"start":{"line":578,"column":6},"end":{"line":578,"column":null}},"230":{"start":{"line":586,"column":6},"end":{"line":586,"column":null}},"231":{"start":{"line":587,"column":6},"end":{"line":593,"column":null}},"232":{"start":{"line":588,"column":9},"end":{"line":588,"column":null}},"233":{"start":{"line":589,"column":13},"end":{"line":593,"column":null}},"234":{"start":{"line":590,"column":9},"end":{"line":590,"column":null}},"235":{"start":{"line":592,"column":9},"end":{"line":592,"column":null}},"236":{"start":{"line":594,"column":6},"end":{"line":594,"column":null}},"237":{"start":{"line":595,"column":6},"end":{"line":595,"column":null}},"238":{"start":{"line":603,"column":6},"end":{"line":603,"column":null}},"239":{"start":{"line":604,"column":6},"end":{"line":610,"column":null}},"240":{"start":{"line":605,"column":9},"end":{"line":605,"column":null}},"241":{"start":{"line":606,"column":13},"end":{"line":610,"column":null}},"242":{"start":{"line":607,"column":9},"end":{"line":607,"column":null}},"243":{"start":{"line":609,"column":9},"end":{"line":609,"column":null}},"244":{"start":{"line":611,"column":6},"end":{"line":611,"column":null}},"245":{"start":{"line":612,"column":6},"end":{"line":612,"column":null}},"246":{"start":{"line":620,"column":6},"end":{"line":635,"column":null}},"247":{"start":{"line":621,"column":9},"end":{"line":621,"column":null}},"248":{"start":{"line":622,"column":9},"end":{"line":622,"column":null}},"249":{"start":{"line":623,"column":9},"end":{"line":623,"column":null}},"250":{"start":{"line":624,"column":9},"end":{"line":624,"column":null}},"251":{"start":{"line":625,"column":13},"end":{"line":635,"column":null}},"252":{"start":{"line":626,"column":9},"end":{"line":626,"column":null}},"253":{"start":{"line":627,"column":9},"end":{"line":627,"column":null}},"254":{"start":{"line":628,"column":9},"end":{"line":628,"column":null}},"255":{"start":{"line":629,"column":9},"end":{"line":629,"column":null}},"256":{"start":{"line":631,"column":9},"end":{"line":631,"column":null}},"257":{"start":{"line":632,"column":9},"end":{"line":632,"column":null}},"258":{"start":{"line":633,"column":9},"end":{"line":633,"column":null}},"259":{"start":{"line":634,"column":9},"end":{"line":634,"column":null}},"260":{"start":{"line":636,"column":6},"end":{"line":636,"column":null}},"261":{"start":{"line":637,"column":6},"end":{"line":637,"column":null}},"262":{"start":{"line":638,"column":17},"end":{"line":638,"column":51}},"263":{"start":{"line":639,"column":17},"end":{"line":639,"column":52}},"264":{"start":{"line":641,"column":17},"end":{"line":641,"column":80}},"265":{"start":{"line":642,"column":17},"end":{"line":642,"column":82}},"266":{"start":{"line":643,"column":6},"end":{"line":650,"column":null}},"267":{"start":{"line":651,"column":6},"end":{"line":651,"column":null}},"268":{"start":{"line":9,"column":19},"end":{"line":9,"column":null}},"269":{"start":{"line":10,"column":10},"end":{"line":10,"column":null}},"270":{"start":{"line":10,"column":36},"end":{"line":10,"column":57}},"271":{"start":{"line":11,"column":10},"end":{"line":11,"column":null}},"272":{"start":{"line":11,"column":37},"end":{"line":11,"column":58}}},"fnMap":{"0":{"name":"(anonymous_0)","decl":{"start":{"line":12,"column":3},"end":{"line":12,"column":null}},"loc":{"start":{"line":15,"column":28},"end":{"line":19,"column":4}}},"1":{"name":"(anonymous_1)","decl":{"start":{"line":21,"column":3},"end":{"line":21,"column":9}},"loc":{"start":{"line":21,"column":32},"end":{"line":25,"column":4}}},"2":{"name":"(anonymous_2)","decl":{"start":{"line":28,"column":3},"end":{"line":28,"column":9}},"loc":{"start":{"line":28,"column":30},"end":{"line":35,"column":4}}},"3":{"name":"(anonymous_3)","decl":{"start":{"line":40,"column":3},"end":{"line":40,"column":12}},"loc":{"start":{"line":40,"column":33},"end":{"line":43,"column":4}}},"4":{"name":"(anonymous_4)","decl":{"start":{"line":45,"column":3},"end":{"line":45,"column":9}},"loc":{"start":{"line":45,"column":24},"end":{"line":48,"column":4}}},"5":{"name":"(anonymous_5)","decl":{"start":{"line":50,"column":3},"end":{"line":50,"column":7}},"loc":{"start":{"line":50,"column":20},"end":{"line":53,"column":4}}},"6":{"name":"(anonymous_6)","decl":{"start":{"line":55,"column":3},"end":{"line":55,"column":14}},"loc":{"start":{"line":55,"column":34},"end":{"line":58,"column":4}}},"7":{"name":"(anonymous_7)","decl":{"start":{"line":60,"column":3},"end":{"line":60,"column":27}},"loc":{"start":{"line":60,"column":60},"end":{"line":63,"column":4}}},"8":{"name":"(anonymous_8)","decl":{"start":{"line":65,"column":3},"end":{"line":65,"column":24}},"loc":{"start":{"line":65,"column":55},"end":{"line":68,"column":4}}},"9":{"name":"(anonymous_9)","decl":{"start":{"line":70,"column":3},"end":{"line":70,"column":24}},"loc":{"start":{"line":70,"column":69},"end":{"line":73,"column":4}}},"10":{"name":"(anonymous_10)","decl":{"start":{"line":76,"column":3},"end":{"line":76,"column":10}},"loc":{"start":{"line":76,"column":29},"end":{"line":79,"column":4}}},"11":{"name":"(anonymous_11)","decl":{"start":{"line":82,"column":3},"end":{"line":82,"column":17}},"loc":{"start":{"line":82,"column":40},"end":{"line":85,"column":4}}},"12":{"name":"(anonymous_12)","decl":{"start":{"line":87,"column":3},"end":{"line":87,"column":11}},"loc":{"start":{"line":87,"column":36},"end":{"line":90,"column":4}}},"13":{"name":"(anonymous_13)","decl":{"start":{"line":92,"column":3},"end":{"line":92,"column":12}},"loc":{"start":{"line":92,"column":30},"end":{"line":95,"column":4}}},"14":{"name":"(anonymous_14)","decl":{"start":{"line":97,"column":3},"end":{"line":97,"column":13}},"loc":{"start":{"line":97,"column":32},"end":{"line":100,"column":4}}},"15":{"name":"(anonymous_15)","decl":{"start":{"line":102,"column":3},"end":{"line":102,"column":13}},"loc":{"start":{"line":102,"column":32},"end":{"line":105,"column":4}}},"16":{"name":"(anonymous_16)","decl":{"start":{"line":107,"column":3},"end":{"line":107,"column":14}},"loc":{"start":{"line":107,"column":34},"end":{"line":110,"column":4}}},"17":{"name":"(anonymous_17)","decl":{"start":{"line":114,"column":3},"end":{"line":114,"column":15}},"loc":{"start":{"line":114,"column":29},"end":{"line":123,"column":4}}},"18":{"name":"(anonymous_18)","decl":{"start":{"line":125,"column":3},"end":{"line":125,"column":12}},"loc":{"start":{"line":125,"column":39},"end":{"line":128,"column":4}}},"19":{"name":"(anonymous_19)","decl":{"start":{"line":130,"column":3},"end":{"line":130,"column":15}},"loc":{"start":{"line":130,"column":48},"end":{"line":133,"column":4}}},"20":{"name":"(anonymous_20)","decl":{"start":{"line":135,"column":3},"end":{"line":135,"column":8}},"loc":{"start":{"line":135,"column":53},"end":{"line":139,"column":4}}},"21":{"name":"(anonymous_21)","decl":{"start":{"line":141,"column":3},"end":{"line":141,"column":14}},"loc":{"start":{"line":141,"column":34},"end":{"line":144,"column":4}}},"22":{"name":"(anonymous_22)","decl":{"start":{"line":146,"column":3},"end":{"line":146,"column":12}},"loc":{"start":{"line":146,"column":30},"end":{"line":149,"column":4}}},"23":{"name":"(anonymous_23)","decl":{"start":{"line":155,"column":3},"end":{"line":155,"column":6}},"loc":{"start":{"line":155,"column":18},"end":{"line":164,"column":4}}},"24":{"name":"(anonymous_24)","decl":{"start":{"line":168,"column":3},"end":{"line":168,"column":8}},"loc":{"start":{"line":168,"column":20},"end":{"line":175,"column":4}}},"25":{"name":"(anonymous_25)","decl":{"start":{"line":177,"column":3},"end":{"line":177,"column":8}},"loc":{"start":{"line":177,"column":8},"end":{"line":179,"column":4}}},"26":{"name":"(anonymous_26)","decl":{"start":{"line":181,"column":3},"end":{"line":181,"column":12}},"loc":{"start":{"line":181,"column":12},"end":{"line":184,"column":4}}},"27":{"name":"(anonymous_27)","decl":{"start":{"line":189,"column":3},"end":{"line":189,"column":16}},"loc":{"start":{"line":189,"column":30},"end":{"line":196,"column":4}}},"28":{"name":"(anonymous_28)","decl":{"start":{"line":200,"column":3},"end":{"line":200,"column":12}},"loc":{"start":{"line":200,"column":26},"end":{"line":208,"column":4}}},"29":{"name":"(anonymous_29)","decl":{"start":{"line":212,"column":3},"end":{"line":212,"column":7}},"loc":{"start":{"line":212,"column":74},"end":{"line":219,"column":4}}},"30":{"name":"(anonymous_30)","decl":{"start":{"line":221,"column":3},"end":{"line":221,"column":12}},"loc":{"start":{"line":221,"column":12},"end":{"line":224,"column":4}}},"31":{"name":"(anonymous_31)","decl":{"start":{"line":229,"column":3},"end":{"line":229,"column":18}},"loc":{"start":{"line":229,"column":79},"end":{"line":237,"column":4}}},"32":{"name":"(anonymous_32)","decl":{"start":{"line":241,"column":3},"end":{"line":241,"column":23}},"loc":{"start":{"line":241,"column":37},"end":{"line":248,"column":4}}},"33":{"name":"(anonymous_33)","decl":{"start":{"line":250,"column":3},"end":{"line":250,"column":16}},"loc":{"start":{"line":250,"column":61},"end":{"line":253,"column":4}}},"34":{"name":"(anonymous_34)","decl":{"start":{"line":257,"column":3},"end":{"line":257,"column":23}},"loc":{"start":{"line":257,"column":37},"end":{"line":262,"column":4}}},"35":{"name":"(anonymous_35)","decl":{"start":{"line":264,"column":3},"end":{"line":264,"column":20}},"loc":{"start":{"line":264,"column":37},"end":{"line":267,"column":4}}},"36":{"name":"(anonymous_36)","decl":{"start":{"line":275,"column":3},"end":{"line":275,"column":12}},"loc":{"start":{"line":275,"column":26},"end":{"line":292,"column":4}}},"37":{"name":"(anonymous_37)","decl":{"start":{"line":296,"column":3},"end":{"line":296,"column":10}},"loc":{"start":{"line":296,"column":24},"end":{"line":303,"column":4}}},"38":{"name":"(anonymous_38)","decl":{"start":{"line":305,"column":3},"end":{"line":305,"column":7}},"loc":{"start":{"line":305,"column":7},"end":{"line":308,"column":4}}},"39":{"name":"(anonymous_39)","decl":{"start":{"line":313,"column":3},"end":{"line":313,"column":11}},"loc":{"start":{"line":313,"column":25},"end":{"line":322,"column":4}}},"40":{"name":"(anonymous_40)","decl":{"start":{"line":326,"column":3},"end":{"line":326,"column":11}},"loc":{"start":{"line":326,"column":25},"end":{"line":333,"column":4}}},"41":{"name":"(anonymous_41)","decl":{"start":{"line":338,"column":3},"end":{"line":338,"column":15}},"loc":{"start":{"line":338,"column":30},"end":{"line":346,"column":4}}},"42":{"name":"(anonymous_42)","decl":{"start":{"line":348,"column":3},"end":{"line":348,"column":14}},"loc":{"start":{"line":348,"column":14},"end":{"line":350,"column":4}}},"43":{"name":"(anonymous_43)","decl":{"start":{"line":352,"column":3},"end":{"line":352,"column":15}},"loc":{"start":{"line":352,"column":15},"end":{"line":354,"column":4}}},"44":{"name":"(anonymous_44)","decl":{"start":{"line":358,"column":3},"end":{"line":358,"column":16}},"loc":{"start":{"line":358,"column":30},"end":{"line":363,"column":4}}},"45":{"name":"(anonymous_45)","decl":{"start":{"line":369,"column":3},"end":{"line":369,"column":18}},"loc":{"start":{"line":369,"column":32},"end":{"line":383,"column":4}}},"46":{"name":"(anonymous_46)","decl":{"start":{"line":387,"column":3},"end":{"line":387,"column":9}},"loc":{"start":{"line":387,"column":45},"end":{"line":394,"column":4}}},"47":{"name":"(anonymous_47)","decl":{"start":{"line":396,"column":3},"end":{"line":396,"column":14}},"loc":{"start":{"line":396,"column":27},"end":{"line":399,"column":4}}},"48":{"name":"(anonymous_48)","decl":{"start":{"line":403,"column":3},"end":{"line":403,"column":9}},"loc":{"start":{"line":403,"column":45},"end":{"line":410,"column":4}}},"49":{"name":"(anonymous_49)","decl":{"start":{"line":418,"column":3},"end":{"line":418,"column":15}},"loc":{"start":{"line":418,"column":29},"end":{"line":435,"column":4}}},"50":{"name":"(anonymous_50)","decl":{"start":{"line":439,"column":3},"end":{"line":439,"column":19}},"loc":{"start":{"line":439,"column":33},"end":{"line":446,"column":4}}},"51":{"name":"(anonymous_51)","decl":{"start":{"line":451,"column":3},"end":{"line":451,"column":7}},"loc":{"start":{"line":451,"column":21},"end":{"line":460,"column":4}}},"52":{"name":"(anonymous_52)","decl":{"start":{"line":462,"column":3},"end":{"line":462,"column":17}},"loc":{"start":{"line":462,"column":17},"end":{"line":465,"column":4}}},"53":{"name":"(anonymous_53)","decl":{"start":{"line":467,"column":3},"end":{"line":467,"column":10}},"loc":{"start":{"line":467,"column":10},"end":{"line":470,"column":4}}},"54":{"name":"(anonymous_54)","decl":{"start":{"line":472,"column":3},"end":{"line":472,"column":9}},"loc":{"start":{"line":472,"column":23},"end":{"line":475,"column":4}}},"55":{"name":"(anonymous_55)","decl":{"start":{"line":477,"column":3},"end":{"line":477,"column":7}},"loc":{"start":{"line":477,"column":7},"end":{"line":480,"column":4}}},"56":{"name":"(anonymous_56)","decl":{"start":{"line":484,"column":3},"end":{"line":484,"column":8}},"loc":{"start":{"line":484,"column":51},"end":{"line":491,"column":4}}},"57":{"name":"(anonymous_57)","decl":{"start":{"line":493,"column":3},"end":{"line":493,"column":21}},"loc":{"start":{"line":493,"column":35},"end":{"line":496,"column":4}}},"58":{"name":"(anonymous_58)","decl":{"start":{"line":498,"column":3},"end":{"line":498,"column":14}},"loc":{"start":{"line":498,"column":33},"end":{"line":501,"column":4}}},"59":{"name":"(anonymous_59)","decl":{"start":{"line":505,"column":3},"end":{"line":505,"column":15}},"loc":{"start":{"line":505,"column":115},"end":{"line":512,"column":4}}},"60":{"name":"(anonymous_60)","decl":{"start":{"line":516,"column":3},"end":{"line":516,"column":9}},"loc":{"start":{"line":516,"column":23},"end":{"line":523,"column":4}}},"61":{"name":"(anonymous_61)","decl":{"start":{"line":528,"column":3},"end":{"line":528,"column":13}},"loc":{"start":{"line":528,"column":27},"end":{"line":537,"column":4}}},"62":{"name":"(anonymous_62)","decl":{"start":{"line":541,"column":3},"end":{"line":541,"column":13}},"loc":{"start":{"line":541,"column":27},"end":{"line":548,"column":4}}},"63":{"name":"(anonymous_63)","decl":{"start":{"line":550,"column":3},"end":{"line":550,"column":12}},"loc":{"start":{"line":550,"column":77},"end":{"line":553,"column":4}}},"64":{"name":"(anonymous_64)","decl":{"start":{"line":557,"column":3},"end":{"line":557,"column":12}},"loc":{"start":{"line":557,"column":48},"end":{"line":564,"column":4}}},"65":{"name":"(anonymous_65)","decl":{"start":{"line":570,"column":3},"end":{"line":570,"column":7}},"loc":{"start":{"line":570,"column":21},"end":{"line":579,"column":4}}},"66":{"name":"(anonymous_66)","decl":{"start":{"line":585,"column":3},"end":{"line":585,"column":7}},"loc":{"start":{"line":585,"column":21},"end":{"line":596,"column":4}}},"67":{"name":"(anonymous_67)","decl":{"start":{"line":602,"column":3},"end":{"line":602,"column":9}},"loc":{"start":{"line":602,"column":21},"end":{"line":613,"column":4}}},"68":{"name":"(anonymous_68)","decl":{"start":{"line":618,"column":3},"end":{"line":618,"column":8}},"loc":{"start":{"line":618,"column":22},"end":{"line":652,"column":4}}},"69":{"name":"(anonymous_69)","decl":{"start":{"line":10,"column":19},"end":{"line":10,"column":20}},"loc":{"start":{"line":10,"column":36},"end":{"line":10,"column":57}}},"70":{"name":"(anonymous_70)","decl":{"start":{"line":11,"column":20},"end":{"line":11,"column":21}},"loc":{"start":{"line":11,"column":37},"end":{"line":11,"column":58}}}},"branchMap":{"0":{"loc":{"start":{"line":13,"column":38},"end":{"line":13,"column":70}},"type":"default-arg","locations":[{"start":{"line":13,"column":38},"end":{"line":13,"column":70}}]},"1":{"loc":{"start":{"line":14,"column":25},"end":{"line":14,"column":28}},"type":"default-arg","locations":[{"start":{"line":14,"column":25},"end":{"line":14,"column":28}}]},"2":{"loc":{"start":{"line":15,"column":25},"end":{"line":15,"column":28}},"type":"default-arg","locations":[{"start":{"line":15,"column":25},"end":{"line":15,"column":28}}]},"3":{"loc":{"start":{"line":115,"column":6},"end":{"line":121,"column":null}},"type":"if","locations":[{"start":{"line":115,"column":6},"end":{"line":121,"column":null}},{"start":{"line":115,"column":6},"end":{"line":121,"column":null}}]},"4":{"loc":{"start":{"line":120,"column":34},"end":{"line":120,"column":40}},"type":"binary-expr","locations":[{"start":{"line":120,"column":34},"end":{"line":120,"column":40}},{"start":{"line":120,"column":44},"end":{"line":120,"column":50}}]},"5":{"loc":{"start":{"line":135,"column":42},"end":{"line":135,"column":53}},"type":"default-arg","locations":[{"start":{"line":135,"column":42},"end":{"line":135,"column":53}}]},"6":{"loc":{"start":{"line":156,"column":6},"end":{"line":162,"column":null}},"type":"if","locations":[{"start":{"line":156,"column":6},"end":{"line":162,"column":null}},{"start":{"line":156,"column":6},"end":{"line":162,"column":null}}]},"7":{"loc":{"start":{"line":157,"column":52},"end":{"line":157,"column":58}},"type":"binary-expr","locations":[{"start":{"line":157,"column":52},"end":{"line":157,"column":58}},{"start":{"line":157,"column":62},"end":{"line":157,"column":63}}]},"8":{"loc":{"start":{"line":157,"column":65},"end":{"line":157,"column":71}},"type":"binary-expr","locations":[{"start":{"line":157,"column":65},"end":{"line":157,"column":71}},{"start":{"line":157,"column":75},"end":{"line":157,"column":85}}]},"9":{"loc":{"start":{"line":158,"column":13},"end":{"line":162,"column":null}},"type":"if","locations":[{"start":{"line":158,"column":13},"end":{"line":162,"column":null}},{"start":{"line":158,"column":13},"end":{"line":162,"column":null}}]},"10":{"loc":{"start":{"line":159,"column":50},"end":{"line":159,"column":56}},"type":"binary-expr","locations":[{"start":{"line":159,"column":50},"end":{"line":159,"column":56}},{"start":{"line":159,"column":60},"end":{"line":159,"column":61}}]},"11":{"loc":{"start":{"line":159,"column":63},"end":{"line":159,"column":69}},"type":"binary-expr","locations":[{"start":{"line":159,"column":63},"end":{"line":159,"column":69}},{"start":{"line":159,"column":73},"end":{"line":159,"column":83}}]},"12":{"loc":{"start":{"line":161,"column":46},"end":{"line":161,"column":52}},"type":"binary-expr","locations":[{"start":{"line":161,"column":46},"end":{"line":161,"column":52}},{"start":{"line":161,"column":56},"end":{"line":161,"column":57}}]},"13":{"loc":{"start":{"line":161,"column":59},"end":{"line":161,"column":65}},"type":"binary-expr","locations":[{"start":{"line":161,"column":59},"end":{"line":161,"column":65}},{"start":{"line":161,"column":69},"end":{"line":161,"column":79}}]},"14":{"loc":{"start":{"line":169,"column":6},"end":{"line":173,"column":null}},"type":"if","locations":[{"start":{"line":169,"column":6},"end":{"line":173,"column":null}},{"start":{"line":169,"column":6},"end":{"line":173,"column":null}}]},"15":{"loc":{"start":{"line":190,"column":6},"end":{"line":194,"column":null}},"type":"if","locations":[{"start":{"line":190,"column":6},"end":{"line":194,"column":null}},{"start":{"line":190,"column":6},"end":{"line":194,"column":null}}]},"16":{"loc":{"start":{"line":201,"column":6},"end":{"line":206,"column":null}},"type":"if","locations":[{"start":{"line":201,"column":6},"end":{"line":206,"column":null}},{"start":{"line":201,"column":6},"end":{"line":206,"column":null}}]},"17":{"loc":{"start":{"line":213,"column":6},"end":{"line":217,"column":null}},"type":"if","locations":[{"start":{"line":213,"column":6},"end":{"line":217,"column":null}},{"start":{"line":213,"column":6},"end":{"line":217,"column":null}}]},"18":{"loc":{"start":{"line":230,"column":6},"end":{"line":232,"column":null}},"type":"if","locations":[{"start":{"line":230,"column":6},"end":{"line":232,"column":null}},{"start":{"line":230,"column":6},"end":{"line":232,"column":null}}]},"19":{"loc":{"start":{"line":233,"column":6},"end":{"line":235,"column":null}},"type":"if","locations":[{"start":{"line":233,"column":6},"end":{"line":235,"column":null}},{"start":{"line":233,"column":6},"end":{"line":235,"column":null}}]},"20":{"loc":{"start":{"line":242,"column":6},"end":{"line":246,"column":null}},"type":"if","locations":[{"start":{"line":242,"column":6},"end":{"line":246,"column":null}},{"start":{"line":242,"column":6},"end":{"line":246,"column":null}}]},"21":{"loc":{"start":{"line":258,"column":6},"end":{"line":260,"column":null}},"type":"if","locations":[{"start":{"line":258,"column":6},"end":{"line":260,"column":null}},{"start":{"line":258,"column":6},"end":{"line":260,"column":null}}]},"22":{"loc":{"start":{"line":276,"column":6},"end":{"line":290,"column":null}},"type":"if","locations":[{"start":{"line":276,"column":6},"end":{"line":290,"column":null}},{"start":{"line":276,"column":6},"end":{"line":290,"column":null}}]},"23":{"loc":{"start":{"line":277,"column":9},"end":{"line":283,"column":null}},"type":"if","locations":[{"start":{"line":277,"column":9},"end":{"line":283,"column":null}},{"start":{"line":277,"column":9},"end":{"line":283,"column":null}}]},"24":{"loc":{"start":{"line":279,"column":16},"end":{"line":283,"column":null}},"type":"if","locations":[{"start":{"line":279,"column":16},"end":{"line":283,"column":null}},{"start":{"line":279,"column":16},"end":{"line":283,"column":null}}]},"25":{"loc":{"start":{"line":284,"column":13},"end":{"line":290,"column":null}},"type":"if","locations":[{"start":{"line":284,"column":13},"end":{"line":290,"column":null}},{"start":{"line":284,"column":13},"end":{"line":290,"column":null}}]},"26":{"loc":{"start":{"line":286,"column":13},"end":{"line":290,"column":null}},"type":"if","locations":[{"start":{"line":286,"column":13},"end":{"line":290,"column":null}},{"start":{"line":286,"column":13},"end":{"line":290,"column":null}}]},"27":{"loc":{"start":{"line":286,"column":17},"end":{"line":286,"column":46}},"type":"binary-expr","locations":[{"start":{"line":286,"column":17},"end":{"line":286,"column":46}},{"start":{"line":286,"column":50},"end":{"line":286,"column":57}}]},"28":{"loc":{"start":{"line":288,"column":13},"end":{"line":290,"column":null}},"type":"if","locations":[{"start":{"line":288,"column":13},"end":{"line":290,"column":null}},{"start":{"line":288,"column":13},"end":{"line":290,"column":null}}]},"29":{"loc":{"start":{"line":288,"column":17},"end":{"line":288,"column":46}},"type":"binary-expr","locations":[{"start":{"line":288,"column":17},"end":{"line":288,"column":46}},{"start":{"line":288,"column":50},"end":{"line":288,"column":79}}]},"30":{"loc":{"start":{"line":297,"column":6},"end":{"line":301,"column":null}},"type":"if","locations":[{"start":{"line":297,"column":6},"end":{"line":301,"column":null}},{"start":{"line":297,"column":6},"end":{"line":301,"column":null}}]},"31":{"loc":{"start":{"line":298,"column":74},"end":{"line":298,"column":80}},"type":"binary-expr","locations":[{"start":{"line":298,"column":74},"end":{"line":298,"column":80}},{"start":{"line":298,"column":84},"end":{"line":298,"column":85}}]},"32":{"loc":{"start":{"line":298,"column":87},"end":{"line":298,"column":93}},"type":"binary-expr","locations":[{"start":{"line":298,"column":87},"end":{"line":298,"column":93}},{"start":{"line":298,"column":97},"end":{"line":298,"column":107}}]},"33":{"loc":{"start":{"line":300,"column":66},"end":{"line":300,"column":72}},"type":"binary-expr","locations":[{"start":{"line":300,"column":66},"end":{"line":300,"column":72}},{"start":{"line":300,"column":76},"end":{"line":300,"column":77}}]},"34":{"loc":{"start":{"line":300,"column":79},"end":{"line":300,"column":85}},"type":"binary-expr","locations":[{"start":{"line":300,"column":79},"end":{"line":300,"column":85}},{"start":{"line":300,"column":89},"end":{"line":300,"column":99}}]},"35":{"loc":{"start":{"line":314,"column":6},"end":{"line":320,"column":null}},"type":"if","locations":[{"start":{"line":314,"column":6},"end":{"line":320,"column":null}},{"start":{"line":314,"column":6},"end":{"line":320,"column":null}}]},"36":{"loc":{"start":{"line":316,"column":13},"end":{"line":320,"column":null}},"type":"if","locations":[{"start":{"line":316,"column":13},"end":{"line":320,"column":null}},{"start":{"line":316,"column":13},"end":{"line":320,"column":null}}]},"37":{"loc":{"start":{"line":316,"column":17},"end":{"line":316,"column":43}},"type":"binary-expr","locations":[{"start":{"line":316,"column":17},"end":{"line":316,"column":43}},{"start":{"line":316,"column":47},"end":{"line":316,"column":73}}]},"38":{"loc":{"start":{"line":327,"column":6},"end":{"line":331,"column":null}},"type":"if","locations":[{"start":{"line":327,"column":6},"end":{"line":331,"column":null}},{"start":{"line":327,"column":6},"end":{"line":331,"column":null}}]},"39":{"loc":{"start":{"line":339,"column":6},"end":{"line":341,"column":null}},"type":"if","locations":[{"start":{"line":339,"column":6},"end":{"line":341,"column":null}},{"start":{"line":339,"column":6},"end":{"line":341,"column":null}}]},"40":{"loc":{"start":{"line":342,"column":6},"end":{"line":344,"column":null}},"type":"if","locations":[{"start":{"line":342,"column":6},"end":{"line":344,"column":null}},{"start":{"line":342,"column":6},"end":{"line":344,"column":null}}]},"41":{"loc":{"start":{"line":342,"column":10},"end":{"line":342,"column":36}},"type":"binary-expr","locations":[{"start":{"line":342,"column":10},"end":{"line":342,"column":36}},{"start":{"line":342,"column":40},"end":{"line":342,"column":66}}]},"42":{"loc":{"start":{"line":359,"column":6},"end":{"line":361,"column":null}},"type":"if","locations":[{"start":{"line":359,"column":6},"end":{"line":361,"column":null}},{"start":{"line":359,"column":6},"end":{"line":361,"column":null}}]},"43":{"loc":{"start":{"line":370,"column":6},"end":{"line":372,"column":null}},"type":"if","locations":[{"start":{"line":370,"column":6},"end":{"line":372,"column":null}},{"start":{"line":370,"column":6},"end":{"line":372,"column":null}}]},"44":{"loc":{"start":{"line":373,"column":6},"end":{"line":375,"column":null}},"type":"if","locations":[{"start":{"line":373,"column":6},"end":{"line":375,"column":null}},{"start":{"line":373,"column":6},"end":{"line":375,"column":null}}]},"45":{"loc":{"start":{"line":376,"column":6},"end":{"line":378,"column":null}},"type":"if","locations":[{"start":{"line":376,"column":6},"end":{"line":378,"column":null}},{"start":{"line":376,"column":6},"end":{"line":378,"column":null}}]},"46":{"loc":{"start":{"line":379,"column":6},"end":{"line":381,"column":null}},"type":"if","locations":[{"start":{"line":379,"column":6},"end":{"line":381,"column":null}},{"start":{"line":379,"column":6},"end":{"line":381,"column":null}}]},"47":{"loc":{"start":{"line":388,"column":6},"end":{"line":392,"column":null}},"type":"if","locations":[{"start":{"line":388,"column":6},"end":{"line":392,"column":null}},{"start":{"line":388,"column":6},"end":{"line":392,"column":null}}]},"48":{"loc":{"start":{"line":404,"column":6},"end":{"line":408,"column":null}},"type":"if","locations":[{"start":{"line":404,"column":6},"end":{"line":408,"column":null}},{"start":{"line":404,"column":6},"end":{"line":408,"column":null}}]},"49":{"loc":{"start":{"line":419,"column":6},"end":{"line":433,"column":null}},"type":"if","locations":[{"start":{"line":419,"column":6},"end":{"line":433,"column":null}},{"start":{"line":419,"column":6},"end":{"line":433,"column":null}}]},"50":{"loc":{"start":{"line":420,"column":9},"end":{"line":426,"column":null}},"type":"if","locations":[{"start":{"line":420,"column":9},"end":{"line":426,"column":null}},{"start":{"line":420,"column":9},"end":{"line":426,"column":null}}]},"51":{"loc":{"start":{"line":422,"column":16},"end":{"line":426,"column":null}},"type":"if","locations":[{"start":{"line":422,"column":16},"end":{"line":426,"column":null}},{"start":{"line":422,"column":16},"end":{"line":426,"column":null}}]},"52":{"loc":{"start":{"line":422,"column":20},"end":{"line":422,"column":46}},"type":"binary-expr","locations":[{"start":{"line":422,"column":20},"end":{"line":422,"column":46}},{"start":{"line":422,"column":50},"end":{"line":422,"column":76}}]},"53":{"loc":{"start":{"line":424,"column":16},"end":{"line":426,"column":null}},"type":"if","locations":[{"start":{"line":424,"column":16},"end":{"line":426,"column":null}},{"start":{"line":424,"column":16},"end":{"line":426,"column":null}}]},"54":{"loc":{"start":{"line":427,"column":13},"end":{"line":433,"column":null}},"type":"if","locations":[{"start":{"line":427,"column":13},"end":{"line":433,"column":null}},{"start":{"line":427,"column":13},"end":{"line":433,"column":null}}]},"55":{"loc":{"start":{"line":428,"column":9},"end":{"line":432,"column":null}},"type":"if","locations":[{"start":{"line":428,"column":9},"end":{"line":432,"column":null}},{"start":{"line":428,"column":9},"end":{"line":432,"column":null}}]},"56":{"loc":{"start":{"line":440,"column":6},"end":{"line":444,"column":null}},"type":"if","locations":[{"start":{"line":440,"column":6},"end":{"line":444,"column":null}},{"start":{"line":440,"column":6},"end":{"line":444,"column":null}}]},"57":{"loc":{"start":{"line":452,"column":6},"end":{"line":458,"column":null}},"type":"if","locations":[{"start":{"line":452,"column":6},"end":{"line":458,"column":null}},{"start":{"line":452,"column":6},"end":{"line":458,"column":null}}]},"58":{"loc":{"start":{"line":454,"column":13},"end":{"line":458,"column":null}},"type":"if","locations":[{"start":{"line":454,"column":13},"end":{"line":458,"column":null}},{"start":{"line":454,"column":13},"end":{"line":458,"column":null}}]},"59":{"loc":{"start":{"line":485,"column":6},"end":{"line":489,"column":null}},"type":"if","locations":[{"start":{"line":485,"column":6},"end":{"line":489,"column":null}},{"start":{"line":485,"column":6},"end":{"line":489,"column":null}}]},"60":{"loc":{"start":{"line":506,"column":6},"end":{"line":510,"column":null}},"type":"if","locations":[{"start":{"line":506,"column":6},"end":{"line":510,"column":null}},{"start":{"line":506,"column":6},"end":{"line":510,"column":null}}]},"61":{"loc":{"start":{"line":517,"column":6},"end":{"line":521,"column":null}},"type":"if","locations":[{"start":{"line":517,"column":6},"end":{"line":521,"column":null}},{"start":{"line":517,"column":6},"end":{"line":521,"column":null}}]},"62":{"loc":{"start":{"line":529,"column":6},"end":{"line":535,"column":null}},"type":"if","locations":[{"start":{"line":529,"column":6},"end":{"line":535,"column":null}},{"start":{"line":529,"column":6},"end":{"line":535,"column":null}}]},"63":{"loc":{"start":{"line":531,"column":13},"end":{"line":535,"column":null}},"type":"if","locations":[{"start":{"line":531,"column":13},"end":{"line":535,"column":null}},{"start":{"line":531,"column":13},"end":{"line":535,"column":null}}]},"64":{"loc":{"start":{"line":542,"column":6},"end":{"line":546,"column":null}},"type":"if","locations":[{"start":{"line":542,"column":6},"end":{"line":546,"column":null}},{"start":{"line":542,"column":6},"end":{"line":546,"column":null}}]},"65":{"loc":{"start":{"line":558,"column":6},"end":{"line":562,"column":null}},"type":"if","locations":[{"start":{"line":558,"column":6},"end":{"line":562,"column":null}},{"start":{"line":558,"column":6},"end":{"line":562,"column":null}}]},"66":{"loc":{"start":{"line":571,"column":47},"end":{"line":571,"column":53}},"type":"cond-expr","locations":[{"start":{"line":571,"column":47},"end":{"line":571,"column":53}},{"start":{"line":571,"column":56},"end":{"line":571,"column":84}}]},"67":{"loc":{"start":{"line":587,"column":6},"end":{"line":593,"column":null}},"type":"if","locations":[{"start":{"line":587,"column":6},"end":{"line":593,"column":null}},{"start":{"line":587,"column":6},"end":{"line":593,"column":null}}]},"68":{"loc":{"start":{"line":589,"column":13},"end":{"line":593,"column":null}},"type":"if","locations":[{"start":{"line":589,"column":13},"end":{"line":593,"column":null}},{"start":{"line":589,"column":13},"end":{"line":593,"column":null}}]},"69":{"loc":{"start":{"line":589,"column":17},"end":{"line":589,"column":43}},"type":"binary-expr","locations":[{"start":{"line":589,"column":17},"end":{"line":589,"column":43}},{"start":{"line":589,"column":47},"end":{"line":589,"column":73}}]},"70":{"loc":{"start":{"line":604,"column":6},"end":{"line":610,"column":null}},"type":"if","locations":[{"start":{"line":604,"column":6},"end":{"line":610,"column":null}},{"start":{"line":604,"column":6},"end":{"line":610,"column":null}}]},"71":{"loc":{"start":{"line":605,"column":52},"end":{"line":605,"column":58}},"type":"binary-expr","locations":[{"start":{"line":605,"column":52},"end":{"line":605,"column":58}},{"start":{"line":605,"column":62},"end":{"line":605,"column":63}}]},"72":{"loc":{"start":{"line":605,"column":65},"end":{"line":605,"column":71}},"type":"binary-expr","locations":[{"start":{"line":605,"column":65},"end":{"line":605,"column":71}},{"start":{"line":605,"column":75},"end":{"line":605,"column":85}}]},"73":{"loc":{"start":{"line":606,"column":13},"end":{"line":610,"column":null}},"type":"if","locations":[{"start":{"line":606,"column":13},"end":{"line":610,"column":null}},{"start":{"line":606,"column":13},"end":{"line":610,"column":null}}]},"74":{"loc":{"start":{"line":607,"column":50},"end":{"line":607,"column":56}},"type":"binary-expr","locations":[{"start":{"line":607,"column":50},"end":{"line":607,"column":56}},{"start":{"line":607,"column":60},"end":{"line":607,"column":61}}]},"75":{"loc":{"start":{"line":607,"column":63},"end":{"line":607,"column":69}},"type":"binary-expr","locations":[{"start":{"line":607,"column":63},"end":{"line":607,"column":69}},{"start":{"line":607,"column":73},"end":{"line":607,"column":83}}]},"76":{"loc":{"start":{"line":609,"column":46},"end":{"line":609,"column":52}},"type":"binary-expr","locations":[{"start":{"line":609,"column":46},"end":{"line":609,"column":52}},{"start":{"line":609,"column":56},"end":{"line":609,"column":57}}]},"77":{"loc":{"start":{"line":609,"column":59},"end":{"line":609,"column":65}},"type":"binary-expr","locations":[{"start":{"line":609,"column":59},"end":{"line":609,"column":65}},{"start":{"line":609,"column":69},"end":{"line":609,"column":79}}]},"78":{"loc":{"start":{"line":620,"column":6},"end":{"line":635,"column":null}},"type":"if","locations":[{"start":{"line":620,"column":6},"end":{"line":635,"column":null}},{"start":{"line":620,"column":6},"end":{"line":635,"column":null}}]},"79":{"loc":{"start":{"line":625,"column":13},"end":{"line":635,"column":null}},"type":"if","locations":[{"start":{"line":625,"column":13},"end":{"line":635,"column":null}},{"start":{"line":625,"column":13},"end":{"line":635,"column":null}}]},"80":{"loc":{"start":{"line":625,"column":17},"end":{"line":625,"column":43}},"type":"binary-expr","locations":[{"start":{"line":625,"column":17},"end":{"line":625,"column":43}},{"start":{"line":625,"column":47},"end":{"line":625,"column":73}}]},"81":{"loc":{"start":{"line":636,"column":14},"end":{"line":636,"column":19}},"type":"binary-expr","locations":[{"start":{"line":636,"column":14},"end":{"line":636,"column":19}},{"start":{"line":636,"column":23},"end":{"line":636,"column":24}}]},"82":{"loc":{"start":{"line":637,"column":15},"end":{"line":637,"column":21}},"type":"binary-expr","locations":[{"start":{"line":637,"column":15},"end":{"line":637,"column":21}},{"start":{"line":637,"column":25},"end":{"line":637,"column":26}}]}},"s":{"0":0,"1":0,"2":0,"3":0,"4":0,"5":0,"6":0,"7":0,"8":0,"9":0,"10":0,"11":0,"12":0,"13":0,"14":0,"15":0,"16":0,"17":0,"18":0,"19":0,"20":0,"21":0,"22":0,"23":0,"24":0,"25":0,"26":0,"27":0,"28":0,"29":0,"30":0,"31":0,"32":0,"33":0,"34":0,"35":0,"36":0,"37":0,"38":0,"39":0,"40":0,"41":0,"42":0,"43":0,"44":0,"45":0,"46":0,"47":0,"48":0,"49":0,"50":0,"51":0,"52":0,"53":0,"54":0,"55":0,"56":0,"57":0,"58":0,"59":0,"60":0,"61":0,"62":0,"63":0,"64":0,"65":0,"66":0,"67":0,"68":0,"69":0,"70":0,"71":0,"72":0,"73":0,"74":0,"75":0,"76":0,"77":0,"78":0,"79":0,"80":0,"81":0,"82":0,"83":0,"84":0,"85":0,"86":0,"87":0,"88":0,"89":0,"90":0,"91":0,"92":0,"93":0,"94":0,"95":0,"96":0,"97":0,"98":0,"99":0,"100":0,"101":0,"102":0,"103":0,"104":0,"105":0,"106":0,"107":0,"108":0,"109":0,"110":0,"111":0,"112":0,"113":0,"114":0,"115":0,"116":0,"117":0,"118":0,"119":0,"120":0,"121":0,"122":0,"123":0,"124":0,"125":0,"126":0,"127":0,"128":0,"129":0,"130":0,"131":0,"132":0,"133":0,"134":0,"135":0,"136":0,"137":0,"138":0,"139":0,"140":0,"141":0,"142":0,"143":0,"144":0,"145":0,"146":0,"147":0,"148":0,"149":0,"150":0,"151":0,"152":0,"153":0,"154":0,"155":0,"156":0,"157":0,"158":0,"159":0,"160":0,"161":0,"162":0,"163":0,"164":0,"165":0,"166":0,"167":0,"168":0,"169":0,"170":0,"171":0,"172":0,"173":0,"174":0,"175":0,"176":0,"177":0,"178":0,"179":0,"180":0,"181":0,"182":0,"183":0,"184":0,"185":0,"186":0,"187":0,"188":0,"189":0,"190":0,"191":0,"192":0,"193":0,"194":0,"195":0,"196":0,"197":0,"198":0,"199":0,"200":0,"201":0,"202":0,"203":0,"204":0,"205":0,"206":0,"207":0,"208":0,"209":0,"210":0,"211":0,"212":0,"213":0,"214":0,"215":0,"216":0,"217":0,"218":0,"219":0,"220":0,"221":0,"222":0,"223":0,"224":0,"225":0,"226":0,"227":0,"228":0,"229":0,"230":0,"231":0,"232":0,"233":0,"234":0,"235":0,"236":0,"237":0,"238":0,"239":0,"240":0,"241":0,"242":0,"243":0,"244":0,"245":0,"246":0,"247":0,"248":0,"249":0,"250":0,"251":0,"252":0,"253":0,"254":0,"255":0,"256":0,"257":0,"258":0,"259":0,"260":0,"261":0,"262":0,"263":0,"264":0,"265":0,"266":0,"267":0,"268":4,"269":4,"270":1,"271":4,"272":0},"f":{"0":0,"1":0,"2":0,"3":0,"4":0,"5":0,"6":0,"7":0,"8":0,"9":0,"10":0,"11":0,"12":0,"13":0,"14":0,"15":0,"16":0,"17":0,"18":0,"19":0,"20":0,"21":0,"22":0,"23":0,"24":0,"25":0,"26":0,"27":0,"28":0,"29":0,"30":0,"31":0,"32":0,"33":0,"34":0,"35":0,"36":0,"37":0,"38":0,"39":0,"40":0,"41":0,"42":0,"43":0,"44":0,"45":0,"46":0,"47":0,"48":0,"49":0,"50":0,"51":0,"52":0,"53":0,"54":0,"55":0,"56":0,"57":0,"58":0,"59":0,"60":0,"61":0,"62":0,"63":0,"64":0,"65":0,"66":0,"67":0,"68":0,"69":1,"70":0},"b":{"0":[0],"1":[0],"2":[0],"3":[0,0],"4":[0,0],"5":[0],"6":[0,0],"7":[0,0],"8":[0,0],"9":[0,0],"10":[0,0],"11":[0,0],"12":[0,0],"13":[0,0],"14":[0,0],"15":[0,0],"16":[0,0],"17":[0,0],"18":[0,0],"19":[0,0],"20":[0,0],"21":[0,0],"22":[0,0],"23":[0,0],"24":[0,0],"25":[0,0],"26":[0,0],"27":[0,0],"28":[0,0],"29":[0,0],"30":[0,0],"31":[0,0],"32":[0,0],"33":[0,0],"34":[0,0],"35":[0,0],"36":[0,0],"37":[0,0],"38":[0,0],"39":[0,0],"40":[0,0],"41":[0,0],"42":[0,0],"43":[0,0],"44":[0,0],"45":[0,0],"46":[0,0],"47":[0,0],"48":[0,0],"49":[0,0],"50":[0,0],"51":[0,0],"52":[0,0],"53":[0,0],"54":[0,0],"55":[0,0],"56":[0,0],"57":[0,0],"58":[0,0],"59":[0,0],"60":[0,0],"61":[0,0],"62":[0,0],"63":[0,0],"64":[0,0],"65":[0,0],"66":[0,0],"67":[0,0],"68":[0,0],"69":[0,0],"70":[0,0],"71":[0,0],"72":[0,0],"73":[0,0],"74":[0,0],"75":[0,0],"76":[0,0],"77":[0,0],"78":[0,0],"79":[0,0],"80":[0,0],"81":[0,0],"82":[0,0]}}
,"/Users/alfnielsen/Dropbox/Coding/gameclasses/src/geometric/Circle2D.ts": {"path":"/Users/alfnielsen/Dropbox/Coding/gameclasses/src/geometric/Circle2D.ts","statementMap":{"0":{"start":{"line":12,"column":6},"end":{"line":18,"column":null}},"1":{"start":{"line":13,"column":9},"end":{"line":13,"column":null}},"2":{"start":{"line":14,"column":9},"end":{"line":14,"column":null}},"3":{"start":{"line":16,"column":9},"end":{"line":16,"column":null}},"4":{"start":{"line":17,"column":9},"end":{"line":17,"column":null}},"5":{"start":{"line":23,"column":6},"end":{"line":23,"column":null}},"6":{"start":{"line":27,"column":6},"end":{"line":27,"column":null}}},"fnMap":{"0":{"name":"(anonymous_0)","decl":{"start":{"line":9,"column":3},"end":{"line":9,"column":null}},"loc":{"start":{"line":10,"column":19},"end":{"line":20,"column":4}}},"1":{"name":"(anonymous_1)","decl":{"start":{"line":22,"column":3},"end":{"line":22,"column":14}},"loc":{"start":{"line":22,"column":14},"end":{"line":24,"column":4}}},"2":{"name":"(anonymous_2)","decl":{"start":{"line":26,"column":3},"end":{"line":26,"column":11}},"loc":{"start":{"line":26,"column":11},"end":{"line":28,"column":4}}}},"branchMap":{"0":{"loc":{"start":{"line":12,"column":6},"end":{"line":18,"column":null}},"type":"if","locations":[{"start":{"line":12,"column":6},"end":{"line":18,"column":null}},{"start":{"line":12,"column":6},"end":{"line":18,"column":null}}]}},"s":{"0":4,"1":1,"2":1,"3":3,"4":3,"5":1,"6":1},"f":{"0":4,"1":1,"2":1},"b":{"0":[1,3]}}
,"/Users/alfnielsen/Dropbox/Coding/gameclasses/src/geometric/Line2D.ts": {"path":"/Users/alfnielsen/Dropbox/Coding/gameclasses/src/geometric/Line2D.ts","statementMap":{"0":{"start":{"line":13,"column":6},"end":{"line":28,"column":null}},"1":{"start":{"line":14,"column":9},"end":{"line":14,"column":null}},"2":{"start":{"line":15,"column":9},"end":{"line":15,"column":null}},"3":{"start":{"line":16,"column":13},"end":{"line":28,"column":null}},"4":{"start":{"line":17,"column":9},"end":{"line":17,"column":null}},"5":{"start":{"line":18,"column":9},"end":{"line":18,"column":null}},"6":{"start":{"line":19,"column":13},"end":{"line":28,"column":null}},"7":{"start":{"line":20,"column":9},"end":{"line":20,"column":null}},"8":{"start":{"line":21,"column":9},"end":{"line":21,"column":null}},"9":{"start":{"line":22,"column":13},"end":{"line":28,"column":null}},"10":{"start":{"line":23,"column":9},"end":{"line":23,"column":null}},"11":{"start":{"line":24,"column":9},"end":{"line":24,"column":null}},"12":{"start":{"line":26,"column":9},"end":{"line":26,"column":null}},"13":{"start":{"line":27,"column":9},"end":{"line":27,"column":null}},"14":{"start":{"line":32,"column":6},"end":{"line":32,"column":null}},"15":{"start":{"line":36,"column":6},"end":{"line":36,"column":null}},"16":{"start":{"line":40,"column":6},"end":{"line":40,"column":null}},"17":{"start":{"line":44,"column":6},"end":{"line":44,"column":null}},"18":{"start":{"line":45,"column":6},"end":{"line":45,"column":null}},"19":{"start":{"line":49,"column":6},"end":{"line":49,"column":null}},"20":{"start":{"line":53,"column":6},"end":{"line":53,"column":null}},"21":{"start":{"line":57,"column":21},"end":{"line":57,"column":72}},"22":{"start":{"line":58,"column":6},"end":{"line":58,"column":null}},"23":{"start":{"line":59,"column":6},"end":{"line":59,"column":null}},"24":{"start":{"line":63,"column":21},"end":{"line":63,"column":78}},"25":{"start":{"line":64,"column":6},"end":{"line":64,"column":null}},"26":{"start":{"line":65,"column":6},"end":{"line":65,"column":null}},"27":{"start":{"line":69,"column":23},"end":{"line":69,"column":60}},"28":{"start":{"line":70,"column":6},"end":{"line":70,"column":null}},"29":{"start":{"line":71,"column":6},"end":{"line":71,"column":null}},"30":{"start":{"line":75,"column":23},"end":{"line":75,"column":62}},"31":{"start":{"line":76,"column":6},"end":{"line":76,"column":null}},"32":{"start":{"line":77,"column":6},"end":{"line":77,"column":null}},"33":{"start":{"line":83,"column":18},"end":{"line":83,"column":84}},"34":{"start":{"line":84,"column":20},"end":{"line":84,"column":47}},"35":{"start":{"line":85,"column":6},"end":{"line":85,"column":null}},"36":{"start":{"line":86,"column":6},"end":{"line":86,"column":null}},"37":{"start":{"line":87,"column":6},"end":{"line":87,"column":null}},"38":{"start":{"line":93,"column":18},"end":{"line":93,"column":84}},"39":{"start":{"line":94,"column":20},"end":{"line":94,"column":51}},"40":{"start":{"line":95,"column":6},"end":{"line":95,"column":null}},"41":{"start":{"line":96,"column":6},"end":{"line":96,"column":null}},"42":{"start":{"line":97,"column":6},"end":{"line":97,"column":null}},"43":{"start":{"line":103,"column":6},"end":{"line":109,"column":null}},"44":{"start":{"line":104,"column":9},"end":{"line":104,"column":null}},"45":{"start":{"line":105,"column":9},"end":{"line":105,"column":null}},"46":{"start":{"line":107,"column":9},"end":{"line":107,"column":null}},"47":{"start":{"line":108,"column":9},"end":{"line":108,"column":null}},"48":{"start":{"line":110,"column":6},"end":{"line":110,"column":null}},"49":{"start":{"line":117,"column":6},"end":{"line":123,"column":null}},"50":{"start":{"line":118,"column":9},"end":{"line":118,"column":null}},"51":{"start":{"line":119,"column":9},"end":{"line":119,"column":null}},"52":{"start":{"line":121,"column":9},"end":{"line":121,"column":null}},"53":{"start":{"line":122,"column":9},"end":{"line":122,"column":null}},"54":{"start":{"line":124,"column":6},"end":{"line":124,"column":null}},"55":{"start":{"line":128,"column":6},"end":{"line":128,"column":null}}},"fnMap":{"0":{"name":"(anonymous_0)","decl":{"start":{"line":12,"column":3},"end":{"line":12,"column":15}},"loc":{"start":{"line":12,"column":28},"end":{"line":29,"column":4}}},"1":{"name":"(anonymous_1)","decl":{"start":{"line":31,"column":3},"end":{"line":31,"column":12}},"loc":{"start":{"line":31,"column":12},"end":{"line":33,"column":4}}},"2":{"name":"(anonymous_2)","decl":{"start":{"line":35,"column":3},"end":{"line":35,"column":9}},"loc":{"start":{"line":35,"column":9},"end":{"line":37,"column":4}}},"3":{"name":"(anonymous_3)","decl":{"start":{"line":39,"column":3},"end":{"line":39,"column":8}},"loc":{"start":{"line":39,"column":23},"end":{"line":41,"column":4}}},"4":{"name":"(anonymous_4)","decl":{"start":{"line":43,"column":3},"end":{"line":43,"column":10}},"loc":{"start":{"line":43,"column":10},"end":{"line":46,"column":4}}},"5":{"name":"(anonymous_5)","decl":{"start":{"line":48,"column":3},"end":{"line":48,"column":14}},"loc":{"start":{"line":48,"column":14},"end":{"line":50,"column":4}}},"6":{"name":"(anonymous_6)","decl":{"start":{"line":52,"column":3},"end":{"line":52,"column":18}},"loc":{"start":{"line":52,"column":18},"end":{"line":54,"column":4}}},"7":{"name":"(anonymous_7)","decl":{"start":{"line":56,"column":3},"end":{"line":56,"column":15}},"loc":{"start":{"line":56,"column":45},"end":{"line":60,"column":4}}},"8":{"name":"(anonymous_8)","decl":{"start":{"line":62,"column":3},"end":{"line":62,"column":15}},"loc":{"start":{"line":62,"column":45},"end":{"line":66,"column":4}}},"9":{"name":"(anonymous_9)","decl":{"start":{"line":68,"column":3},"end":{"line":68,"column":12}},"loc":{"start":{"line":68,"column":22},"end":{"line":72,"column":4}}},"10":{"name":"(anonymous_10)","decl":{"start":{"line":74,"column":3},"end":{"line":74,"column":14}},"loc":{"start":{"line":74,"column":24},"end":{"line":78,"column":4}}},"11":{"name":"(anonymous_11)","decl":{"start":{"line":82,"column":3},"end":{"line":82,"column":17}},"loc":{"start":{"line":82,"column":31},"end":{"line":88,"column":4}}},"12":{"name":"(anonymous_12)","decl":{"start":{"line":92,"column":3},"end":{"line":92,"column":17}},"loc":{"start":{"line":92,"column":31},"end":{"line":98,"column":4}}},"13":{"name":"(anonymous_13)","decl":{"start":{"line":102,"column":3},"end":{"line":102,"column":13}},"loc":{"start":{"line":102,"column":27},"end":{"line":111,"column":4}}},"14":{"name":"(anonymous_14)","decl":{"start":{"line":116,"column":3},"end":{"line":116,"column":13}},"loc":{"start":{"line":116,"column":27},"end":{"line":125,"column":4}}},"15":{"name":"(anonymous_15)","decl":{"start":{"line":127,"column":3},"end":{"line":127,"column":11}},"loc":{"start":{"line":127,"column":11},"end":{"line":129,"column":4}}}},"branchMap":{"0":{"loc":{"start":{"line":13,"column":6},"end":{"line":28,"column":null}},"type":"if","locations":[{"start":{"line":13,"column":6},"end":{"line":28,"column":null}},{"start":{"line":13,"column":6},"end":{"line":28,"column":null}}]},"1":{"loc":{"start":{"line":16,"column":13},"end":{"line":28,"column":null}},"type":"if","locations":[{"start":{"line":16,"column":13},"end":{"line":28,"column":null}},{"start":{"line":16,"column":13},"end":{"line":28,"column":null}}]},"2":{"loc":{"start":{"line":16,"column":17},"end":{"line":16,"column":43}},"type":"binary-expr","locations":[{"start":{"line":16,"column":17},"end":{"line":16,"column":43}},{"start":{"line":16,"column":47},"end":{"line":16,"column":73}}]},"3":{"loc":{"start":{"line":19,"column":13},"end":{"line":28,"column":null}},"type":"if","locations":[{"start":{"line":19,"column":13},"end":{"line":28,"column":null}},{"start":{"line":19,"column":13},"end":{"line":28,"column":null}}]},"4":{"loc":{"start":{"line":22,"column":13},"end":{"line":28,"column":null}},"type":"if","locations":[{"start":{"line":22,"column":13},"end":{"line":28,"column":null}},{"start":{"line":22,"column":13},"end":{"line":28,"column":null}}]},"5":{"loc":{"start":{"line":83,"column":47},"end":{"line":83,"column":53}},"type":"cond-expr","locations":[{"start":{"line":83,"column":47},"end":{"line":83,"column":53}},{"start":{"line":83,"column":56},"end":{"line":83,"column":84}}]},"6":{"loc":{"start":{"line":93,"column":47},"end":{"line":93,"column":53}},"type":"cond-expr","locations":[{"start":{"line":93,"column":47},"end":{"line":93,"column":53}},{"start":{"line":93,"column":56},"end":{"line":93,"column":84}}]},"7":{"loc":{"start":{"line":103,"column":6},"end":{"line":109,"column":null}},"type":"if","locations":[{"start":{"line":103,"column":6},"end":{"line":109,"column":null}},{"start":{"line":103,"column":6},"end":{"line":109,"column":null}}]},"8":{"loc":{"start":{"line":103,"column":10},"end":{"line":103,"column":36}},"type":"binary-expr","locations":[{"start":{"line":103,"column":10},"end":{"line":103,"column":36}},{"start":{"line":103,"column":40},"end":{"line":103,"column":66}}]},"9":{"loc":{"start":{"line":117,"column":6},"end":{"line":123,"column":null}},"type":"if","locations":[{"start":{"line":117,"column":6},"end":{"line":123,"column":null}},{"start":{"line":117,"column":6},"end":{"line":123,"column":null}}]},"10":{"loc":{"start":{"line":119,"column":28},"end":{"line":119,"column":34}},"type":"binary-expr","locations":[{"start":{"line":119,"column":28},"end":{"line":119,"column":34}},{"start":{"line":119,"column":38},"end":{"line":119,"column":44}}]},"11":{"loc":{"start":{"line":122,"column":28},"end":{"line":122,"column":34}},"type":"binary-expr","locations":[{"start":{"line":122,"column":28},"end":{"line":122,"column":34}},{"start":{"line":122,"column":38},"end":{"line":122,"column":44}}]},"12":{"loc":{"start":{"line":122,"column":46},"end":{"line":122,"column":52}},"type":"binary-expr","locations":[{"start":{"line":122,"column":46},"end":{"line":122,"column":52}},{"start":{"line":122,"column":56},"end":{"line":122,"column":62}},{"start":{"line":122,"column":66},"end":{"line":122,"column":72}}]}},"s":{"0":27,"1":2,"2":2,"3":25,"4":1,"5":1,"6":24,"7":2,"8":2,"9":22,"10":7,"11":7,"12":15,"13":15,"14":1,"15":6,"16":12,"17":1,"18":1,"19":25,"20":5,"21":2,"22":2,"23":2,"24":2,"25":2,"26":2,"27":1,"28":1,"29":1,"30":1,"31":1,"32":1,"33":2,"34":2,"35":2,"36":2,"37":2,"38":2,"39":2,"40":2,"41":2,"42":2,"43":3,"44":2,"45":2,"46":1,"47":1,"48":3,"49":6,"50":2,"51":2,"52":4,"53":4,"54":6,"55":1},"f":{"0":27,"1":1,"2":6,"3":12,"4":1,"5":25,"6":5,"7":2,"8":2,"9":1,"10":1,"11":2,"12":2,"13":3,"14":6,"15":1},"b":{"0":[2,25],"1":[1,24],"2":[25,3],"3":[2,22],"4":[7,15],"5":[1,1],"6":[1,1],"7":[2,1],"8":[3,2],"9":[2,4],"10":[2,1],"11":[4,3],"12":[4,3,2]}}
,"/Users/alfnielsen/Dropbox/Coding/gameclasses/src/geometric/Point2D.ts": {"path":"/Users/alfnielsen/Dropbox/Coding/gameclasses/src/geometric/Point2D.ts","statementMap":{"0":{"start":{"line":8,"column":6},"end":{"line":12,"column":null}},"1":{"start":{"line":9,"column":9},"end":{"line":9,"column":null}},"2":{"start":{"line":11,"column":9},"end":{"line":11,"column":null}},"3":{"start":{"line":16,"column":6},"end":{"line":16,"column":null}},"4":{"start":{"line":23,"column":6},"end":{"line":29,"column":null}},"5":{"start":{"line":24,"column":9},"end":{"line":24,"column":null}},"6":{"start":{"line":25,"column":9},"end":{"line":25,"column":null}},"7":{"start":{"line":27,"column":9},"end":{"line":27,"column":null}},"8":{"start":{"line":28,"column":9},"end":{"line":28,"column":null}},"9":{"start":{"line":30,"column":6},"end":{"line":30,"column":null}},"10":{"start":{"line":36,"column":6},"end":{"line":42,"column":null}},"11":{"start":{"line":37,"column":9},"end":{"line":37,"column":null}},"12":{"start":{"line":38,"column":9},"end":{"line":38,"column":null}},"13":{"start":{"line":40,"column":9},"end":{"line":40,"column":null}},"14":{"start":{"line":41,"column":9},"end":{"line":41,"column":null}},"15":{"start":{"line":43,"column":6},"end":{"line":43,"column":null}},"16":{"start":{"line":47,"column":6},"end":{"line":47,"column":null}}},"fnMap":{"0":{"name":"(anonymous_0)","decl":{"start":{"line":7,"column":3},"end":{"line":7,"column":15}},"loc":{"start":{"line":7,"column":28},"end":{"line":13,"column":4}}},"1":{"name":"(anonymous_1)","decl":{"start":{"line":15,"column":3},"end":{"line":15,"column":13}},"loc":{"start":{"line":15,"column":13},"end":{"line":17,"column":4}}},"2":{"name":"(anonymous_2)","decl":{"start":{"line":22,"column":3},"end":{"line":22,"column":14}},"loc":{"start":{"line":22,"column":28},"end":{"line":31,"column":4}}},"3":{"name":"(anonymous_3)","decl":{"start":{"line":35,"column":3},"end":{"line":35,"column":14}},"loc":{"start":{"line":35,"column":28},"end":{"line":44,"column":4}}},"4":{"name":"(anonymous_4)","decl":{"start":{"line":46,"column":3},"end":{"line":46,"column":11}},"loc":{"start":{"line":46,"column":11},"end":{"line":48,"column":4}}}},"branchMap":{"0":{"loc":{"start":{"line":8,"column":6},"end":{"line":12,"column":null}},"type":"if","locations":[{"start":{"line":8,"column":6},"end":{"line":12,"column":null}},{"start":{"line":8,"column":6},"end":{"line":12,"column":null}}]},"1":{"loc":{"start":{"line":23,"column":6},"end":{"line":29,"column":null}},"type":"if","locations":[{"start":{"line":23,"column":6},"end":{"line":29,"column":null}},{"start":{"line":23,"column":6},"end":{"line":29,"column":null}}]},"2":{"loc":{"start":{"line":36,"column":6},"end":{"line":42,"column":null}},"type":"if","locations":[{"start":{"line":36,"column":6},"end":{"line":42,"column":null}},{"start":{"line":36,"column":6},"end":{"line":42,"column":null}}]},"3":{"loc":{"start":{"line":41,"column":19},"end":{"line":41,"column":25}},"type":"binary-expr","locations":[{"start":{"line":41,"column":19},"end":{"line":41,"column":25}},{"start":{"line":41,"column":29},"end":{"line":41,"column":35}}]}},"s":{"0":79,"1":16,"2":63,"3":9,"4":22,"5":19,"6":19,"7":3,"8":3,"9":22,"10":18,"11":6,"12":6,"13":12,"14":12,"15":18,"16":1},"f":{"0":79,"1":9,"2":22,"3":18,"4":1},"b":{"0":[16,63],"1":[19,3],"2":[6,12],"3":[12,3]}}
,"/Users/alfnielsen/Dropbox/Coding/gameclasses/src/geometric/Rectangle2D.ts": {"path":"/Users/alfnielsen/Dropbox/Coding/gameclasses/src/geometric/Rectangle2D.ts","statementMap":{"0":{"start":{"line":15,"column":6},"end":{"line":30,"column":null}},"1":{"start":{"line":16,"column":9},"end":{"line":16,"column":null}},"2":{"start":{"line":17,"column":9},"end":{"line":17,"column":null}},"3":{"start":{"line":18,"column":13},"end":{"line":30,"column":null}},"4":{"start":{"line":19,"column":9},"end":{"line":19,"column":null}},"5":{"start":{"line":20,"column":9},"end":{"line":20,"column":null}},"6":{"start":{"line":21,"column":13},"end":{"line":30,"column":null}},"7":{"start":{"line":22,"column":9},"end":{"line":22,"column":null}},"8":{"start":{"line":23,"column":9},"end":{"line":23,"column":null}},"9":{"start":{"line":24,"column":13},"end":{"line":30,"column":null}},"10":{"start":{"line":25,"column":9},"end":{"line":25,"column":null}},"11":{"start":{"line":26,"column":9},"end":{"line":26,"column":null}},"12":{"start":{"line":28,"column":9},"end":{"line":28,"column":null}},"13":{"start":{"line":29,"column":9},"end":{"line":29,"column":null}},"14":{"start":{"line":34,"column":6},"end":{"line":34,"column":null}},"15":{"start":{"line":38,"column":6},"end":{"line":38,"column":null}},"16":{"start":{"line":39,"column":6},"end":{"line":39,"column":null}},"17":{"start":{"line":43,"column":6},"end":{"line":43,"column":null}}},"fnMap":{"0":{"name":"(anonymous_0)","decl":{"start":{"line":14,"column":3},"end":{"line":14,"column":15}},"loc":{"start":{"line":14,"column":28},"end":{"line":31,"column":4}}},"1":{"name":"(anonymous_1)","decl":{"start":{"line":33,"column":3},"end":{"line":33,"column":12}},"loc":{"start":{"line":33,"column":12},"end":{"line":35,"column":4}}},"2":{"name":"(anonymous_2)","decl":{"start":{"line":37,"column":3},"end":{"line":37,"column":9}},"loc":{"start":{"line":37,"column":21},"end":{"line":40,"column":4}}},"3":{"name":"(anonymous_3)","decl":{"start":{"line":42,"column":3},"end":{"line":42,"column":11}},"loc":{"start":{"line":42,"column":11},"end":{"line":44,"column":4}}}},"branchMap":{"0":{"loc":{"start":{"line":15,"column":6},"end":{"line":30,"column":null}},"type":"if","locations":[{"start":{"line":15,"column":6},"end":{"line":30,"column":null}},{"start":{"line":15,"column":6},"end":{"line":30,"column":null}}]},"1":{"loc":{"start":{"line":15,"column":10},"end":{"line":15,"column":36}},"type":"binary-expr","locations":[{"start":{"line":15,"column":10},"end":{"line":15,"column":36}},{"start":{"line":15,"column":40},"end":{"line":15,"column":66}}]},"2":{"loc":{"start":{"line":18,"column":13},"end":{"line":30,"column":null}},"type":"if","locations":[{"start":{"line":18,"column":13},"end":{"line":30,"column":null}},{"start":{"line":18,"column":13},"end":{"line":30,"column":null}}]},"3":{"loc":{"start":{"line":21,"column":13},"end":{"line":30,"column":null}},"type":"if","locations":[{"start":{"line":21,"column":13},"end":{"line":30,"column":null}},{"start":{"line":21,"column":13},"end":{"line":30,"column":null}}]},"4":{"loc":{"start":{"line":21,"column":17},"end":{"line":21,"column":43}},"type":"binary-expr","locations":[{"start":{"line":21,"column":17},"end":{"line":21,"column":43}},{"start":{"line":21,"column":47},"end":{"line":21,"column":73}}]},"5":{"loc":{"start":{"line":24,"column":13},"end":{"line":30,"column":null}},"type":"if","locations":[{"start":{"line":24,"column":13},"end":{"line":30,"column":null}},{"start":{"line":24,"column":13},"end":{"line":30,"column":null}}]},"6":{"loc":{"start":{"line":24,"column":17},"end":{"line":24,"column":43}},"type":"binary-expr","locations":[{"start":{"line":24,"column":17},"end":{"line":24,"column":43}},{"start":{"line":24,"column":47},"end":{"line":24,"column":73}}]}},"s":{"0":0,"1":0,"2":0,"3":0,"4":0,"5":0,"6":0,"7":0,"8":0,"9":0,"10":0,"11":0,"12":0,"13":0,"14":0,"15":0,"16":0,"17":0},"f":{"0":0,"1":0,"2":0,"3":0},"b":{"0":[0,0],"1":[0,0],"2":[0,0],"3":[0,0],"4":[0,0],"5":[0,0],"6":[0,0]}}
,"/Users/alfnielsen/Dropbox/Coding/gameclasses/src/geometric/Vector2D.ts": {"path":"/Users/alfnielsen/Dropbox/Coding/gameclasses/src/geometric/Vector2D.ts","statementMap":{"0":{"start":{"line":31,"column":3},"end":{"line":31,"column":null}},"1":{"start":{"line":12,"column":6},"end":{"line":24,"column":null}},"2":{"start":{"line":13,"column":9},"end":{"line":13,"column":null}},"3":{"start":{"line":14,"column":9},"end":{"line":14,"column":null}},"4":{"start":{"line":15,"column":13},"end":{"line":24,"column":null}},"5":{"start":{"line":16,"column":9},"end":{"line":16,"column":null}},"6":{"start":{"line":17,"column":9},"end":{"line":17,"column":null}},"7":{"start":{"line":18,"column":13},"end":{"line":24,"column":null}},"8":{"start":{"line":19,"column":9},"end":{"line":19,"column":null}},"9":{"start":{"line":20,"column":9},"end":{"line":20,"column":null}},"10":{"start":{"line":22,"column":9},"end":{"line":22,"column":null}},"11":{"start":{"line":23,"column":9},"end":{"line":23,"column":null}},"12":{"start":{"line":34,"column":6},"end":{"line":34,"column":null}},"13":{"start":{"line":38,"column":6},"end":{"line":38,"column":null}},"14":{"start":{"line":44,"column":6},"end":{"line":46,"column":null}},"15":{"start":{"line":45,"column":9},"end":{"line":45,"column":null}},"16":{"start":{"line":47,"column":6},"end":{"line":47,"column":null}},"17":{"start":{"line":53,"column":6},"end":{"line":55,"column":null}},"18":{"start":{"line":54,"column":9},"end":{"line":54,"column":null}},"19":{"start":{"line":56,"column":6},"end":{"line":56,"column":null}},"20":{"start":{"line":60,"column":21},"end":{"line":60,"column":34}},"21":{"start":{"line":61,"column":27},"end":{"line":61,"column":46}},"22":{"start":{"line":62,"column":6},"end":{"line":62,"column":null}},"23":{"start":{"line":66,"column":6},"end":{"line":68,"column":null}},"24":{"start":{"line":67,"column":9},"end":{"line":67,"column":null}},"25":{"start":{"line":69,"column":21},"end":{"line":69,"column":34}},"26":{"start":{"line":70,"column":6},"end":{"line":70,"column":null}},"27":{"start":{"line":77,"column":6},"end":{"line":79,"column":null}},"28":{"start":{"line":78,"column":9},"end":{"line":78,"column":null}},"29":{"start":{"line":80,"column":6},"end":{"line":80,"column":null}},"30":{"start":{"line":87,"column":6},"end":{"line":89,"column":null}},"31":{"start":{"line":88,"column":9},"end":{"line":88,"column":null}},"32":{"start":{"line":90,"column":6},"end":{"line":90,"column":null}},"33":{"start":{"line":94,"column":6},"end":{"line":94,"column":null}},"34":{"start":{"line":99,"column":27},"end":{"line":99,"column":53}},"35":{"start":{"line":100,"column":6},"end":{"line":102,"column":null}},"36":{"start":{"line":101,"column":9},"end":{"line":101,"column":null}},"37":{"start":{"line":103,"column":6},"end":{"line":103,"column":null}},"38":{"start":{"line":108,"column":6},"end":{"line":108,"column":null}},"39":{"start":{"line":115,"column":6},"end":{"line":117,"column":null}},"40":{"start":{"line":116,"column":9},"end":{"line":116,"column":null}},"41":{"start":{"line":118,"column":6},"end":{"line":118,"column":null}},"42":{"start":{"line":125,"column":6},"end":{"line":127,"column":null}},"43":{"start":{"line":126,"column":9},"end":{"line":126,"column":null}},"44":{"start":{"line":128,"column":6},"end":{"line":128,"column":null}},"45":{"start":{"line":135,"column":6},"end":{"line":137,"column":null}},"46":{"start":{"line":136,"column":9},"end":{"line":136,"column":null}},"47":{"start":{"line":138,"column":6},"end":{"line":138,"column":null}},"48":{"start":{"line":145,"column":6},"end":{"line":147,"column":null}},"49":{"start":{"line":146,"column":9},"end":{"line":146,"column":null}},"50":{"start":{"line":148,"column":6},"end":{"line":148,"column":null}},"51":{"start":{"line":153,"column":6},"end":{"line":153,"column":null}},"52":{"start":{"line":157,"column":6},"end":{"line":157,"column":null}},"53":{"start":{"line":164,"column":6},"end":{"line":166,"column":null}},"54":{"start":{"line":165,"column":9},"end":{"line":165,"column":null}},"55":{"start":{"line":167,"column":6},"end":{"line":167,"column":null}},"56":{"start":{"line":174,"column":6},"end":{"line":176,"column":null}},"57":{"start":{"line":175,"column":9},"end":{"line":175,"column":null}},"58":{"start":{"line":178,"column":6},"end":{"line":178,"column":null}},"59":{"start":{"line":185,"column":6},"end":{"line":187,"column":null}},"60":{"start":{"line":186,"column":9},"end":{"line":186,"column":null}},"61":{"start":{"line":188,"column":16},"end":{"line":188,"column":44}},"62":{"start":{"line":189,"column":6},"end":{"line":189,"column":null}},"63":{"start":{"line":196,"column":6},"end":{"line":198,"column":null}},"64":{"start":{"line":197,"column":9},"end":{"line":197,"column":null}},"65":{"start":{"line":199,"column":6},"end":{"line":199,"column":null}},"66":{"start":{"line":206,"column":6},"end":{"line":208,"column":null}},"67":{"start":{"line":207,"column":9},"end":{"line":207,"column":null}},"68":{"start":{"line":209,"column":6},"end":{"line":209,"column":null}},"69":{"start":{"line":213,"column":6},"end":{"line":217,"column":null}},"70":{"start":{"line":214,"column":9},"end":{"line":214,"column":null}},"71":{"start":{"line":216,"column":9},"end":{"line":216,"column":null}},"72":{"start":{"line":218,"column":6},"end":{"line":218,"column":null}},"73":{"start":{"line":27,"column":10},"end":{"line":27,"column":null}},"74":{"start":{"line":27,"column":39},"end":{"line":27,"column":60}},"75":{"start":{"line":28,"column":10},"end":{"line":28,"column":null}},"76":{"start":{"line":28,"column":39},"end":{"line":28,"column":60}},"77":{"start":{"line":29,"column":10},"end":{"line":29,"column":34}}},"fnMap":{"0":{"name":"(anonymous_0)","decl":{"start":{"line":11,"column":3},"end":{"line":11,"column":15}},"loc":{"start":{"line":11,"column":28},"end":{"line":25,"column":4}}},"1":{"name":"(anonymous_1)","decl":{"start":{"line":33,"column":3},"end":{"line":33,"column":11}},"loc":{"start":{"line":33,"column":11},"end":{"line":35,"column":4}}},"2":{"name":"(anonymous_2)","decl":{"start":{"line":37,"column":3},"end":{"line":37,"column":14}},"loc":{"start":{"line":37,"column":14},"end":{"line":39,"column":4}}},"3":{"name":"(anonymous_3)","decl":{"start":{"line":43,"column":3},"end":{"line":43,"column":8}},"loc":{"start":{"line":43,"column":22},"end":{"line":48,"column":4}}},"4":{"name":"(anonymous_4)","decl":{"start":{"line":52,"column":3},"end":{"line":52,"column":9}},"loc":{"start":{"line":52,"column":23},"end":{"line":57,"column":4}}},"5":{"name":"(anonymous_5)","decl":{"start":{"line":59,"column":3},"end":{"line":59,"column":9}},"loc":{"start":{"line":59,"column":39},"end":{"line":63,"column":4}}},"6":{"name":"(anonymous_6)","decl":{"start":{"line":65,"column":3},"end":{"line":65,"column":11}},"loc":{"start":{"line":65,"column":41},"end":{"line":71,"column":4}}},"7":{"name":"(anonymous_7)","decl":{"start":{"line":76,"column":3},"end":{"line":76,"column":10}},"loc":{"start":{"line":76,"column":24},"end":{"line":81,"column":4}}},"8":{"name":"(anonymous_8)","decl":{"start":{"line":86,"column":3},"end":{"line":86,"column":15}},"loc":{"start":{"line":86,"column":29},"end":{"line":91,"column":4}}},"9":{"name":"(anonymous_9)","decl":{"start":{"line":93,"column":3},"end":{"line":93,"column":14}},"loc":{"start":{"line":93,"column":60},"end":{"line":95,"column":4}}},"10":{"name":"(anonymous_10)","decl":{"start":{"line":98,"column":3},"end":{"line":98,"column":8}},"loc":{"start":{"line":98,"column":23},"end":{"line":104,"column":4}}},"11":{"name":"(anonymous_11)","decl":{"start":{"line":107,"column":3},"end":{"line":107,"column":9}},"loc":{"start":{"line":107,"column":9},"end":{"line":109,"column":4}}},"12":{"name":"(anonymous_12)","decl":{"start":{"line":114,"column":3},"end":{"line":114,"column":6}},"loc":{"start":{"line":114,"column":20},"end":{"line":119,"column":4}}},"13":{"name":"(anonymous_13)","decl":{"start":{"line":124,"column":3},"end":{"line":124,"column":6}},"loc":{"start":{"line":124,"column":20},"end":{"line":129,"column":4}}},"14":{"name":"(anonymous_14)","decl":{"start":{"line":134,"column":3},"end":{"line":134,"column":8}},"loc":{"start":{"line":134,"column":22},"end":{"line":139,"column":4}}},"15":{"name":"(anonymous_15)","decl":{"start":{"line":144,"column":3},"end":{"line":144,"column":9}},"loc":{"start":{"line":144,"column":23},"end":{"line":149,"column":4}}},"16":{"name":"(anonymous_16)","decl":{"start":{"line":152,"column":3},"end":{"line":152,"column":8}},"loc":{"start":{"line":152,"column":18},"end":{"line":154,"column":4}}},"17":{"name":"(anonymous_17)","decl":{"start":{"line":156,"column":3},"end":{"line":156,"column":10}},"loc":{"start":{"line":156,"column":25},"end":{"line":158,"column":4}}},"18":{"name":"(anonymous_18)","decl":{"start":{"line":163,"column":3},"end":{"line":163,"column":9}},"loc":{"start":{"line":163,"column":23},"end":{"line":168,"column":4}}},"19":{"name":"(anonymous_19)","decl":{"start":{"line":173,"column":3},"end":{"line":173,"column":8}},"loc":{"start":{"line":173,"column":22},"end":{"line":179,"column":4}}},"20":{"name":"(anonymous_20)","decl":{"start":{"line":184,"column":3},"end":{"line":184,"column":13}},"loc":{"start":{"line":184,"column":27},"end":{"line":190,"column":4}}},"21":{"name":"(anonymous_21)","decl":{"start":{"line":195,"column":3},"end":{"line":195,"column":19}},"loc":{"start":{"line":195,"column":33},"end":{"line":200,"column":4}}},"22":{"name":"(anonymous_22)","decl":{"start":{"line":205,"column":3},"end":{"line":205,"column":21}},"loc":{"start":{"line":205,"column":35},"end":{"line":210,"column":4}}},"23":{"name":"(anonymous_23)","decl":{"start":{"line":212,"column":3},"end":{"line":212,"column":6}},"loc":{"start":{"line":212,"column":19},"end":{"line":219,"column":4}}},"24":{"name":"(anonymous_24)","decl":{"start":{"line":27,"column":22},"end":{"line":27,"column":23}},"loc":{"start":{"line":27,"column":39},"end":{"line":27,"column":60}}},"25":{"name":"(anonymous_25)","decl":{"start":{"line":28,"column":22},"end":{"line":28,"column":23}},"loc":{"start":{"line":28,"column":39},"end":{"line":28,"column":60}}}},"branchMap":{"0":{"loc":{"start":{"line":12,"column":6},"end":{"line":24,"column":null}},"type":"if","locations":[{"start":{"line":12,"column":6},"end":{"line":24,"column":null}},{"start":{"line":12,"column":6},"end":{"line":24,"column":null}}]},"1":{"loc":{"start":{"line":15,"column":13},"end":{"line":24,"column":null}},"type":"if","locations":[{"start":{"line":15,"column":13},"end":{"line":24,"column":null}},{"start":{"line":15,"column":13},"end":{"line":24,"column":null}}]},"2":{"loc":{"start":{"line":15,"column":17},"end":{"line":15,"column":23}},"type":"binary-expr","locations":[{"start":{"line":15,"column":17},"end":{"line":15,"column":23}},{"start":{"line":15,"column":27},"end":{"line":15,"column":34}}]},"3":{"loc":{"start":{"line":18,"column":13},"end":{"line":24,"column":null}},"type":"if","locations":[{"start":{"line":18,"column":13},"end":{"line":24,"column":null}},{"start":{"line":18,"column":13},"end":{"line":24,"column":null}}]},"4":{"loc":{"start":{"line":22,"column":18},"end":{"line":22,"column":24}},"type":"binary-expr","locations":[{"start":{"line":22,"column":18},"end":{"line":22,"column":24}},{"start":{"line":22,"column":28},"end":{"line":22,"column":29}}]},"5":{"loc":{"start":{"line":23,"column":18},"end":{"line":23,"column":24}},"type":"binary-expr","locations":[{"start":{"line":23,"column":18},"end":{"line":23,"column":24}},{"start":{"line":23,"column":28},"end":{"line":23,"column":29}}]},"6":{"loc":{"start":{"line":44,"column":6},"end":{"line":46,"column":null}},"type":"if","locations":[{"start":{"line":44,"column":6},"end":{"line":46,"column":null}},{"start":{"line":44,"column":6},"end":{"line":46,"column":null}}]},"7":{"loc":{"start":{"line":53,"column":6},"end":{"line":55,"column":null}},"type":"if","locations":[{"start":{"line":53,"column":6},"end":{"line":55,"column":null}},{"start":{"line":53,"column":6},"end":{"line":55,"column":null}}]},"8":{"loc":{"start":{"line":66,"column":6},"end":{"line":68,"column":null}},"type":"if","locations":[{"start":{"line":66,"column":6},"end":{"line":68,"column":null}},{"start":{"line":66,"column":6},"end":{"line":68,"column":null}}]},"9":{"loc":{"start":{"line":77,"column":6},"end":{"line":79,"column":null}},"type":"if","locations":[{"start":{"line":77,"column":6},"end":{"line":79,"column":null}},{"start":{"line":77,"column":6},"end":{"line":79,"column":null}}]},"10":{"loc":{"start":{"line":87,"column":6},"end":{"line":89,"column":null}},"type":"if","locations":[{"start":{"line":87,"column":6},"end":{"line":89,"column":null}},{"start":{"line":87,"column":6},"end":{"line":89,"column":null}}]},"11":{"loc":{"start":{"line":100,"column":6},"end":{"line":102,"column":null}},"type":"if","locations":[{"start":{"line":100,"column":6},"end":{"line":102,"column":null}},{"start":{"line":100,"column":6},"end":{"line":102,"column":null}}]},"12":{"loc":{"start":{"line":115,"column":6},"end":{"line":117,"column":null}},"type":"if","locations":[{"start":{"line":115,"column":6},"end":{"line":117,"column":null}},{"start":{"line":115,"column":6},"end":{"line":117,"column":null}}]},"13":{"loc":{"start":{"line":125,"column":6},"end":{"line":127,"column":null}},"type":"if","locations":[{"start":{"line":125,"column":6},"end":{"line":127,"column":null}},{"start":{"line":125,"column":6},"end":{"line":127,"column":null}}]},"14":{"loc":{"start":{"line":135,"column":6},"end":{"line":137,"column":null}},"type":"if","locations":[{"start":{"line":135,"column":6},"end":{"line":137,"column":null}},{"start":{"line":135,"column":6},"end":{"line":137,"column":null}}]},"15":{"loc":{"start":{"line":145,"column":6},"end":{"line":147,"column":null}},"type":"if","locations":[{"start":{"line":145,"column":6},"end":{"line":147,"column":null}},{"start":{"line":145,"column":6},"end":{"line":147,"column":null}}]},"16":{"loc":{"start":{"line":164,"column":6},"end":{"line":166,"column":null}},"type":"if","locations":[{"start":{"line":164,"column":6},"end":{"line":166,"column":null}},{"start":{"line":164,"column":6},"end":{"line":166,"column":null}}]},"17":{"loc":{"start":{"line":174,"column":6},"end":{"line":176,"column":null}},"type":"if","locations":[{"start":{"line":174,"column":6},"end":{"line":176,"column":null}},{"start":{"line":174,"column":6},"end":{"line":176,"column":null}}]},"18":{"loc":{"start":{"line":185,"column":6},"end":{"line":187,"column":null}},"type":"if","locations":[{"start":{"line":185,"column":6},"end":{"line":187,"column":null}},{"start":{"line":185,"column":6},"end":{"line":187,"column":null}}]},"19":{"loc":{"start":{"line":196,"column":6},"end":{"line":198,"column":null}},"type":"if","locations":[{"start":{"line":196,"column":6},"end":{"line":198,"column":null}},{"start":{"line":196,"column":6},"end":{"line":198,"column":null}}]},"20":{"loc":{"start":{"line":206,"column":6},"end":{"line":208,"column":null}},"type":"if","locations":[{"start":{"line":206,"column":6},"end":{"line":208,"column":null}},{"start":{"line":206,"column":6},"end":{"line":208,"column":null}}]},"21":{"loc":{"start":{"line":213,"column":6},"end":{"line":217,"column":null}},"type":"if","locations":[{"start":{"line":213,"column":6},"end":{"line":217,"column":null}},{"start":{"line":213,"column":6},"end":{"line":217,"column":null}}]}},"s":{"0":248,"1":248,"2":1,"3":1,"4":247,"5":10,"6":10,"7":237,"8":14,"9":14,"10":223,"11":223,"12":1,"13":3,"14":41,"15":38,"16":3,"17":4,"18":3,"19":1,"20":7,"21":7,"22":7,"23":2,"24":1,"25":2,"26":2,"27":2,"28":1,"29":1,"30":2,"31":1,"32":1,"33":1,"34":31,"35":31,"36":24,"37":7,"38":26,"39":24,"40":21,"41":3,"42":2,"43":1,"44":1,"45":2,"46":1,"47":1,"48":2,"49":1,"50":1,"51":8,"52":2,"53":14,"54":13,"55":1,"56":2,"57":1,"58":1,"59":6,"60":3,"61":3,"62":3,"63":2,"64":1,"65":1,"66":2,"67":1,"68":1,"69":4,"70":2,"71":2,"72":4,"73":4,"74":29,"75":4,"76":24,"77":4},"f":{"0":248,"1":1,"2":3,"3":41,"4":4,"5":7,"6":2,"7":2,"8":2,"9":1,"10":31,"11":26,"12":24,"13":2,"14":2,"15":2,"16":8,"17":2,"18":14,"19":2,"20":6,"21":2,"22":2,"23":4,"24":29,"25":24},"b":{"0":[1,247],"1":[10,237],"2":[247,24],"3":[14,223],"4":[223,5],"5":[223,5],"6":[38,3],"7":[3,1],"8":[1,1],"9":[1,1],"10":[1,1],"11":[24,7],"12":[21,3],"13":[1,1],"14":[1,1],"15":[1,1],"16":[13,1],"17":[1,1],"18":[3,3],"19":[1,1],"20":[1,1],"21":[2,2]}}
}
