TN:
SF:src/canvas/Canvas.ts
FN:12,(anonymous_0)
FN:21,(anonymous_1)
FN:28,(anonymous_2)
FN:40,(anonymous_3)
FN:45,(anonymous_4)
FN:50,(anonymous_5)
FN:55,(anonymous_6)
FN:60,(anonymous_7)
FN:65,(anonymous_8)
FN:70,(anonymous_9)
FN:76,(anonymous_10)
FN:82,(anonymous_11)
FN:87,(anonymous_12)
FN:92,(anonymous_13)
FN:97,(anonymous_14)
FN:102,(anonymous_15)
FN:107,(anonymous_16)
FN:114,(anonymous_17)
FN:125,(anonymous_18)
FN:130,(anonymous_19)
FN:135,(anonymous_20)
FN:141,(anonymous_21)
FN:146,(anonymous_22)
FN:155,(anonymous_23)
FN:168,(anonymous_24)
FN:177,(anonymous_25)
FN:181,(anonymous_26)
FN:189,(anonymous_27)
FN:200,(anonymous_28)
FN:212,(anonymous_29)
FN:221,(anonymous_30)
FN:229,(anonymous_31)
FN:241,(anonymous_32)
FN:250,(anonymous_33)
FN:257,(anonymous_34)
FN:264,(anonymous_35)
FN:275,(anonymous_36)
FN:296,(anonymous_37)
FN:305,(anonymous_38)
FN:313,(anonymous_39)
FN:326,(anonymous_40)
FN:338,(anonymous_41)
FN:348,(anonymous_42)
FN:352,(anonymous_43)
FN:358,(anonymous_44)
FN:369,(anonymous_45)
FN:387,(anonymous_46)
FN:396,(anonymous_47)
FN:403,(anonymous_48)
FN:418,(anonymous_49)
FN:439,(anonymous_50)
FN:451,(anonymous_51)
FN:462,(anonymous_52)
FN:467,(anonymous_53)
FN:472,(anonymous_54)
FN:477,(anonymous_55)
FN:484,(anonymous_56)
FN:493,(anonymous_57)
FN:498,(anonymous_58)
FN:505,(anonymous_59)
FN:516,(anonymous_60)
FN:528,(anonymous_61)
FN:541,(anonymous_62)
FN:550,(anonymous_63)
FN:557,(anonymous_64)
FN:570,(anonymous_65)
FN:585,(anonymous_66)
FN:602,(anonymous_67)
FN:618,(anonymous_68)
FN:10,(anonymous_69)
FN:11,(anonymous_70)
FNF:71
FNH:1
FNDA:0,(anonymous_0)
FNDA:0,(anonymous_1)
FNDA:0,(anonymous_2)
FNDA:0,(anonymous_3)
FNDA:0,(anonymous_4)
FNDA:0,(anonymous_5)
FNDA:0,(anonymous_6)
FNDA:0,(anonymous_7)
FNDA:0,(anonymous_8)
FNDA:0,(anonymous_9)
FNDA:0,(anonymous_10)
FNDA:0,(anonymous_11)
FNDA:0,(anonymous_12)
FNDA:0,(anonymous_13)
FNDA:0,(anonymous_14)
FNDA:0,(anonymous_15)
FNDA:0,(anonymous_16)
FNDA:0,(anonymous_17)
FNDA:0,(anonymous_18)
FNDA:0,(anonymous_19)
FNDA:0,(anonymous_20)
FNDA:0,(anonymous_21)
FNDA:0,(anonymous_22)
FNDA:0,(anonymous_23)
FNDA:0,(anonymous_24)
FNDA:0,(anonymous_25)
FNDA:0,(anonymous_26)
FNDA:0,(anonymous_27)
FNDA:0,(anonymous_28)
FNDA:0,(anonymous_29)
FNDA:0,(anonymous_30)
FNDA:0,(anonymous_31)
FNDA:0,(anonymous_32)
FNDA:0,(anonymous_33)
FNDA:0,(anonymous_34)
FNDA:0,(anonymous_35)
FNDA:0,(anonymous_36)
FNDA:0,(anonymous_37)
FNDA:0,(anonymous_38)
FNDA:0,(anonymous_39)
FNDA:0,(anonymous_40)
FNDA:0,(anonymous_41)
FNDA:0,(anonymous_42)
FNDA:0,(anonymous_43)
FNDA:0,(anonymous_44)
FNDA:0,(anonymous_45)
FNDA:0,(anonymous_46)
FNDA:0,(anonymous_47)
FNDA:0,(anonymous_48)
FNDA:0,(anonymous_49)
FNDA:0,(anonymous_50)
FNDA:0,(anonymous_51)
FNDA:0,(anonymous_52)
FNDA:0,(anonymous_53)
FNDA:0,(anonymous_54)
FNDA:0,(anonymous_55)
FNDA:0,(anonymous_56)
FNDA:0,(anonymous_57)
FNDA:0,(anonymous_58)
FNDA:0,(anonymous_59)
FNDA:0,(anonymous_60)
FNDA:0,(anonymous_61)
FNDA:0,(anonymous_62)
FNDA:0,(anonymous_63)
FNDA:0,(anonymous_64)
FNDA:0,(anonymous_65)
FNDA:0,(anonymous_66)
FNDA:0,(anonymous_67)
FNDA:0,(anonymous_68)
FNDA:1,(anonymous_69)
FNDA:0,(anonymous_70)
DA:9,4
DA:10,4
DA:11,4
DA:13,0
DA:14,0
DA:15,0
DA:17,0
DA:18,0
DA:22,0
DA:23,0
DA:24,0
DA:29,0
DA:30,0
DA:31,0
DA:32,0
DA:33,0
DA:34,0
DA:41,0
DA:42,0
DA:46,0
DA:47,0
DA:51,0
DA:52,0
DA:56,0
DA:57,0
DA:61,0
DA:62,0
DA:66,0
DA:67,0
DA:71,0
DA:72,0
DA:77,0
DA:78,0
DA:83,0
DA:84,0
DA:88,0
DA:89,0
DA:93,0
DA:94,0
DA:98,0
DA:99,0
DA:103,0
DA:104,0
DA:108,0
DA:109,0
DA:115,0
DA:116,0
DA:117,0
DA:119,0
DA:120,0
DA:122,0
DA:126,0
DA:127,0
DA:131,0
DA:132,0
DA:136,0
DA:137,0
DA:138,0
DA:142,0
DA:143,0
DA:147,0
DA:148,0
DA:156,0
DA:157,0
DA:158,0
DA:159,0
DA:161,0
DA:163,0
DA:169,0
DA:170,0
DA:172,0
DA:174,0
DA:178,0
DA:182,0
DA:183,0
DA:190,0
DA:191,0
DA:193,0
DA:195,0
DA:201,0
DA:202,0
DA:204,0
DA:207,0
DA:213,0
DA:214,0
DA:216,0
DA:218,0
DA:222,0
DA:223,0
DA:230,0
DA:231,0
DA:233,0
DA:234,0
DA:236,0
DA:242,0
DA:243,0
DA:245,0
DA:247,0
DA:251,0
DA:252,0
DA:258,0
DA:259,0
DA:261,0
DA:265,0
DA:266,0
DA:276,0
DA:277,0
DA:278,0
DA:279,0
DA:280,0
DA:282,0
DA:284,0
DA:285,0
DA:286,0
DA:287,0
DA:288,0
DA:289,0
DA:291,0
DA:297,0
DA:298,0
DA:300,0
DA:302,0
DA:306,0
DA:307,0
DA:314,0
DA:315,0
DA:316,0
DA:317,0
DA:319,0
DA:321,0
DA:327,0
DA:328,0
DA:330,0
DA:332,0
DA:339,0
DA:340,0
DA:342,0
DA:343,0
DA:345,0
DA:349,0
DA:353,0
DA:359,0
DA:360,0
DA:362,0
DA:370,0
DA:371,0
DA:373,0
DA:374,0
DA:376,0
DA:377,0
DA:379,0
DA:380,0
DA:382,0
DA:388,0
DA:389,0
DA:391,0
DA:393,0
DA:397,0
DA:398,0
DA:404,0
DA:405,0
DA:407,0
DA:409,0
DA:419,0
DA:420,0
DA:421,0
DA:422,0
DA:423,0
DA:424,0
DA:425,0
DA:427,0
DA:428,0
DA:429,0
DA:431,0
DA:434,0
DA:440,0
DA:441,0
DA:443,0
DA:445,0
DA:452,0
DA:453,0
DA:454,0
DA:455,0
DA:457,0
DA:459,0
DA:463,0
DA:464,0
DA:468,0
DA:469,0
DA:473,0
DA:474,0
DA:478,0
DA:479,0
DA:485,0
DA:486,0
DA:488,0
DA:490,0
DA:494,0
DA:495,0
DA:499,0
DA:500,0
DA:506,0
DA:507,0
DA:509,0
DA:511,0
DA:517,0
DA:518,0
DA:520,0
DA:522,0
DA:529,0
DA:530,0
DA:531,0
DA:532,0
DA:534,0
DA:536,0
DA:542,0
DA:543,0
DA:545,0
DA:547,0
DA:551,0
DA:552,0
DA:558,0
DA:559,0
DA:561,0
DA:563,0
DA:571,0
DA:572,0
DA:573,0
DA:575,0
DA:576,0
DA:578,0
DA:586,0
DA:587,0
DA:588,0
DA:589,0
DA:590,0
DA:592,0
DA:594,0
DA:595,0
DA:603,0
DA:604,0
DA:605,0
DA:606,0
DA:607,0
DA:609,0
DA:611,0
DA:612,0
DA:620,0
DA:621,0
DA:622,0
DA:623,0
DA:624,0
DA:625,0
DA:626,0
DA:627,0
DA:628,0
DA:629,0
DA:631,0
DA:632,0
DA:633,0
DA:634,0
DA:636,0
DA:637,0
DA:638,0
DA:639,0
DA:641,0
DA:642,0
DA:643,0
DA:651,0
LF:269
LH:3
BRDA:13,0,0,0
BRDA:14,1,0,0
BRDA:15,2,0,0
BRDA:115,3,0,0
BRDA:115,3,1,0
BRDA:120,4,0,0
BRDA:120,4,1,0
BRDA:135,5,0,0
BRDA:156,6,0,0
BRDA:156,6,1,0
BRDA:157,7,0,0
BRDA:157,7,1,0
BRDA:157,8,0,0
BRDA:157,8,1,0
BRDA:158,9,0,0
BRDA:158,9,1,0
BRDA:159,10,0,0
BRDA:159,10,1,0
BRDA:159,11,0,0
BRDA:159,11,1,0
BRDA:161,12,0,0
BRDA:161,12,1,0
BRDA:161,13,0,0
BRDA:161,13,1,0
BRDA:169,14,0,0
BRDA:169,14,1,0
BRDA:190,15,0,0
BRDA:190,15,1,0
BRDA:201,16,0,0
BRDA:201,16,1,0
BRDA:213,17,0,0
BRDA:213,17,1,0
BRDA:230,18,0,0
BRDA:230,18,1,0
BRDA:233,19,0,0
BRDA:233,19,1,0
BRDA:242,20,0,0
BRDA:242,20,1,0
BRDA:258,21,0,0
BRDA:258,21,1,0
BRDA:276,22,0,0
BRDA:276,22,1,0
BRDA:277,23,0,0
BRDA:277,23,1,0
BRDA:279,24,0,0
BRDA:279,24,1,0
BRDA:284,25,0,0
BRDA:284,25,1,0
BRDA:286,26,0,0
BRDA:286,26,1,0
BRDA:286,27,0,0
BRDA:286,27,1,0
BRDA:288,28,0,0
BRDA:288,28,1,0
BRDA:288,29,0,0
BRDA:288,29,1,0
BRDA:297,30,0,0
BRDA:297,30,1,0
BRDA:298,31,0,0
BRDA:298,31,1,0
BRDA:298,32,0,0
BRDA:298,32,1,0
BRDA:300,33,0,0
BRDA:300,33,1,0
BRDA:300,34,0,0
BRDA:300,34,1,0
BRDA:314,35,0,0
BRDA:314,35,1,0
BRDA:316,36,0,0
BRDA:316,36,1,0
BRDA:316,37,0,0
BRDA:316,37,1,0
BRDA:327,38,0,0
BRDA:327,38,1,0
BRDA:339,39,0,0
BRDA:339,39,1,0
BRDA:342,40,0,0
BRDA:342,40,1,0
BRDA:342,41,0,0
BRDA:342,41,1,0
BRDA:359,42,0,0
BRDA:359,42,1,0
BRDA:370,43,0,0
BRDA:370,43,1,0
BRDA:373,44,0,0
BRDA:373,44,1,0
BRDA:376,45,0,0
BRDA:376,45,1,0
BRDA:379,46,0,0
BRDA:379,46,1,0
BRDA:388,47,0,0
BRDA:388,47,1,0
BRDA:404,48,0,0
BRDA:404,48,1,0
BRDA:419,49,0,0
BRDA:419,49,1,0
BRDA:420,50,0,0
BRDA:420,50,1,0
BRDA:422,51,0,0
BRDA:422,51,1,0
BRDA:422,52,0,0
BRDA:422,52,1,0
BRDA:424,53,0,0
BRDA:424,53,1,0
BRDA:427,54,0,0
BRDA:427,54,1,0
BRDA:428,55,0,0
BRDA:428,55,1,0
BRDA:440,56,0,0
BRDA:440,56,1,0
BRDA:452,57,0,0
BRDA:452,57,1,0
BRDA:454,58,0,0
BRDA:454,58,1,0
BRDA:485,59,0,0
BRDA:485,59,1,0
BRDA:506,60,0,0
BRDA:506,60,1,0
BRDA:517,61,0,0
BRDA:517,61,1,0
BRDA:529,62,0,0
BRDA:529,62,1,0
BRDA:531,63,0,0
BRDA:531,63,1,0
BRDA:542,64,0,0
BRDA:542,64,1,0
BRDA:558,65,0,0
BRDA:558,65,1,0
BRDA:571,66,0,0
BRDA:571,66,1,0
BRDA:587,67,0,0
BRDA:587,67,1,0
BRDA:589,68,0,0
BRDA:589,68,1,0
BRDA:589,69,0,0
BRDA:589,69,1,0
BRDA:604,70,0,0
BRDA:604,70,1,0
BRDA:605,71,0,0
BRDA:605,71,1,0
BRDA:605,72,0,0
BRDA:605,72,1,0
BRDA:606,73,0,0
BRDA:606,73,1,0
BRDA:607,74,0,0
BRDA:607,74,1,0
BRDA:607,75,0,0
BRDA:607,75,1,0
BRDA:609,76,0,0
BRDA:609,76,1,0
BRDA:609,77,0,0
BRDA:609,77,1,0
BRDA:620,78,0,0
BRDA:620,78,1,0
BRDA:625,79,0,0
BRDA:625,79,1,0
BRDA:625,80,0,0
BRDA:625,80,1,0
BRDA:636,81,0,0
BRDA:636,81,1,0
BRDA:637,82,0,0
BRDA:637,82,1,0
BRF:162
BRH:0
end_of_record
TN:
SF:src/geometric/Circle2D.ts
FN:9,(anonymous_0)
FN:22,(anonymous_1)
FN:26,(anonymous_2)
FNF:3
FNH:3
FNDA:4,(anonymous_0)
FNDA:1,(anonymous_1)
FNDA:1,(anonymous_2)
DA:12,4
DA:13,1
DA:14,1
DA:16,3
DA:17,3
DA:23,1
DA:27,1
LF:7
LH:7
BRDA:12,0,0,1
BRDA:12,0,1,3
BRF:2
BRH:2
end_of_record
TN:
SF:src/geometric/Line2D.ts
FN:12,(anonymous_0)
FN:31,(anonymous_1)
FN:35,(anonymous_2)
FN:39,(anonymous_3)
FN:43,(anonymous_4)
FN:48,(anonymous_5)
FN:52,(anonymous_6)
FN:56,(anonymous_7)
FN:62,(anonymous_8)
FN:68,(anonymous_9)
FN:74,(anonymous_10)
FN:82,(anonymous_11)
FN:92,(anonymous_12)
FN:102,(anonymous_13)
FN:116,(anonymous_14)
FN:127,(anonymous_15)
FNF:16
FNH:16
FNDA:27,(anonymous_0)
FNDA:1,(anonymous_1)
FNDA:6,(anonymous_2)
FNDA:12,(anonymous_3)
FNDA:1,(anonymous_4)
FNDA:25,(anonymous_5)
FNDA:5,(anonymous_6)
FNDA:2,(anonymous_7)
FNDA:2,(anonymous_8)
FNDA:1,(anonymous_9)
FNDA:1,(anonymous_10)
FNDA:2,(anonymous_11)
FNDA:2,(anonymous_12)
FNDA:3,(anonymous_13)
FNDA:6,(anonymous_14)
FNDA:1,(anonymous_15)
DA:13,27
DA:14,2
DA:15,2
DA:16,25
DA:17,1
DA:18,1
DA:19,24
DA:20,2
DA:21,2
DA:22,22
DA:23,7
DA:24,7
DA:26,15
DA:27,15
DA:32,1
DA:36,6
DA:40,12
DA:44,1
DA:45,1
DA:49,25
DA:53,5
DA:57,2
DA:58,2
DA:59,2
DA:63,2
DA:64,2
DA:65,2
DA:69,1
DA:70,1
DA:71,1
DA:75,1
DA:76,1
DA:77,1
DA:83,2
DA:84,2
DA:85,2
DA:86,2
DA:87,2
DA:93,2
DA:94,2
DA:95,2
DA:96,2
DA:97,2
DA:103,3
DA:104,2
DA:105,2
DA:107,1
DA:108,1
DA:110,3
DA:117,6
DA:118,2
DA:119,2
DA:121,4
DA:122,4
DA:124,6
DA:128,1
LF:56
LH:56
BRDA:13,0,0,2
BRDA:13,0,1,25
BRDA:16,1,0,1
BRDA:16,1,1,24
BRDA:16,2,0,25
BRDA:16,2,1,3
BRDA:19,3,0,2
BRDA:19,3,1,22
BRDA:22,4,0,7
BRDA:22,4,1,15
BRDA:83,5,0,1
BRDA:83,5,1,1
BRDA:93,6,0,1
BRDA:93,6,1,1
BRDA:103,7,0,2
BRDA:103,7,1,1
BRDA:103,8,0,3
BRDA:103,8,1,2
BRDA:117,9,0,2
BRDA:117,9,1,4
BRDA:119,10,0,2
BRDA:119,10,1,1
BRDA:122,11,0,4
BRDA:122,11,1,3
BRDA:122,12,0,4
BRDA:122,12,1,3
BRDA:122,12,2,2
BRF:27
BRH:27
end_of_record
TN:
SF:src/geometric/Point2D.ts
FN:7,(anonymous_0)
FN:15,(anonymous_1)
FN:22,(anonymous_2)
FN:35,(anonymous_3)
FN:46,(anonymous_4)
FNF:5
FNH:5
FNDA:79,(anonymous_0)
FNDA:9,(anonymous_1)
FNDA:22,(anonymous_2)
FNDA:18,(anonymous_3)
FNDA:1,(anonymous_4)
DA:8,79
DA:9,16
DA:11,63
DA:16,9
DA:23,22
DA:24,19
DA:25,19
DA:27,3
DA:28,3
DA:30,22
DA:36,18
DA:37,6
DA:38,6
DA:40,12
DA:41,12
DA:43,18
DA:47,1
LF:17
LH:17
BRDA:8,0,0,16
BRDA:8,0,1,63
BRDA:23,1,0,19
BRDA:23,1,1,3
BRDA:36,2,0,6
BRDA:36,2,1,12
BRDA:41,3,0,12
BRDA:41,3,1,3
BRF:8
BRH:8
end_of_record
TN:
SF:src/geometric/Rectangle2D.ts
FN:14,(anonymous_0)
FN:33,(anonymous_1)
FN:37,(anonymous_2)
FN:42,(anonymous_3)
FNF:4
FNH:0
FNDA:0,(anonymous_0)
FNDA:0,(anonymous_1)
FNDA:0,(anonymous_2)
FNDA:0,(anonymous_3)
DA:15,0
DA:16,0
DA:17,0
DA:18,0
DA:19,0
DA:20,0
DA:21,0
DA:22,0
DA:23,0
DA:24,0
DA:25,0
DA:26,0
DA:28,0
DA:29,0
DA:34,0
DA:38,0
DA:39,0
DA:43,0
LF:18
LH:0
BRDA:15,0,0,0
BRDA:15,0,1,0
BRDA:15,1,0,0
BRDA:15,1,1,0
BRDA:18,2,0,0
BRDA:18,2,1,0
BRDA:21,3,0,0
BRDA:21,3,1,0
BRDA:21,4,0,0
BRDA:21,4,1,0
BRDA:24,5,0,0
BRDA:24,5,1,0
BRDA:24,6,0,0
BRDA:24,6,1,0
BRF:14
BRH:0
end_of_record
TN:
SF:src/geometric/Vector2D.ts
FN:11,(anonymous_0)
FN:33,(anonymous_1)
FN:37,(anonymous_2)
FN:43,(anonymous_3)
FN:52,(anonymous_4)
FN:59,(anonymous_5)
FN:65,(anonymous_6)
FN:76,(anonymous_7)
FN:86,(anonymous_8)
FN:93,(anonymous_9)
FN:98,(anonymous_10)
FN:107,(anonymous_11)
FN:114,(anonymous_12)
FN:124,(anonymous_13)
FN:134,(anonymous_14)
FN:144,(anonymous_15)
FN:152,(anonymous_16)
FN:156,(anonymous_17)
FN:163,(anonymous_18)
FN:173,(anonymous_19)
FN:184,(anonymous_20)
FN:195,(anonymous_21)
FN:205,(anonymous_22)
FN:212,(anonymous_23)
FN:27,(anonymous_24)
FN:28,(anonymous_25)
FNF:26
FNH:26
FNDA:248,(anonymous_0)
FNDA:1,(anonymous_1)
FNDA:3,(anonymous_2)
FNDA:41,(anonymous_3)
FNDA:4,(anonymous_4)
FNDA:7,(anonymous_5)
FNDA:2,(anonymous_6)
FNDA:2,(anonymous_7)
FNDA:2,(anonymous_8)
FNDA:1,(anonymous_9)
FNDA:31,(anonymous_10)
FNDA:26,(anonymous_11)
FNDA:24,(anonymous_12)
FNDA:2,(anonymous_13)
FNDA:2,(anonymous_14)
FNDA:2,(anonymous_15)
FNDA:8,(anonymous_16)
FNDA:2,(anonymous_17)
FNDA:14,(anonymous_18)
FNDA:2,(anonymous_19)
FNDA:6,(anonymous_20)
FNDA:2,(anonymous_21)
FNDA:2,(anonymous_22)
FNDA:4,(anonymous_23)
FNDA:29,(anonymous_24)
FNDA:24,(anonymous_25)
DA:12,248
DA:13,1
DA:14,1
DA:15,247
DA:16,10
DA:17,10
DA:18,237
DA:19,14
DA:20,14
DA:22,223
DA:23,223
DA:27,29
DA:28,24
DA:29,4
DA:31,248
DA:34,1
DA:38,3
DA:44,41
DA:45,38
DA:47,3
DA:53,4
DA:54,3
DA:56,1
DA:60,7
DA:61,7
DA:62,7
DA:66,2
DA:67,1
DA:69,2
DA:70,2
DA:77,2
DA:78,1
DA:80,1
DA:87,2
DA:88,1
DA:90,1
DA:94,1
DA:99,31
DA:100,31
DA:101,24
DA:103,7
DA:108,26
DA:115,24
DA:116,21
DA:118,3
DA:125,2
DA:126,1
DA:128,1
DA:135,2
DA:136,1
DA:138,1
DA:145,2
DA:146,1
DA:148,1
DA:153,8
DA:157,2
DA:164,14
DA:165,13
DA:167,1
DA:174,2
DA:175,1
DA:178,1
DA:185,6
DA:186,3
DA:188,3
DA:189,3
DA:196,2
DA:197,1
DA:199,1
DA:206,2
DA:207,1
DA:209,1
DA:213,4
DA:214,2
DA:216,2
DA:218,4
LF:76
LH:76
BRDA:12,0,0,1
BRDA:12,0,1,247
BRDA:15,1,0,10
BRDA:15,1,1,237
BRDA:15,2,0,247
BRDA:15,2,1,24
BRDA:18,3,0,14
BRDA:18,3,1,223
BRDA:22,4,0,223
BRDA:22,4,1,5
BRDA:23,5,0,223
BRDA:23,5,1,5
BRDA:44,6,0,38
BRDA:44,6,1,3
BRDA:53,7,0,3
BRDA:53,7,1,1
BRDA:66,8,0,1
BRDA:66,8,1,1
BRDA:77,9,0,1
BRDA:77,9,1,1
BRDA:87,10,0,1
BRDA:87,10,1,1
BRDA:100,11,0,24
BRDA:100,11,1,7
BRDA:115,12,0,21
BRDA:115,12,1,3
BRDA:125,13,0,1
BRDA:125,13,1,1
BRDA:135,14,0,1
BRDA:135,14,1,1
BRDA:145,15,0,1
BRDA:145,15,1,1
BRDA:164,16,0,13
BRDA:164,16,1,1
BRDA:174,17,0,1
BRDA:174,17,1,1
BRDA:185,18,0,3
BRDA:185,18,1,3
BRDA:196,19,0,1
BRDA:196,19,1,1
BRDA:206,20,0,1
BRDA:206,20,1,1
BRDA:213,21,0,2
BRDA:213,21,1,2
BRF:44
BRH:44
end_of_record
